Using pre-set license
Built from '2021.2/staging' branch; Version is '2021.2.8f1 (d0e5f0a7b06a) revision 13690352'; Using compiler version '192829333'; Build Type 'Release'
OS: 'Windows 10  (10.0.19044) 64bit Professional' Language: 'en' Physical Memory: 32699 MB
BatchMode: 1, IsHumanControllingUs: 0, StartBugReporterOnCrash: 0, Is64bit: 1, IsPro: 0

COMMAND LINE ARGUMENTS:
D:\Unity Versions\2021.2.8f1\Editor\Unity.exe
-adb2
-batchMode
-noUpm
-name
AssetImportWorker0
-projectPath
D:/University Work/Year 3/CT6008 - Advanced Group Project/Assignment One/GitHub Repository/Metroidvania-style-RPG/CT6008
-logFile
Logs/AssetImportWorker0.log
-srvPort
55638
Successfully changed project path to: D:/University Work/Year 3/CT6008 - Advanced Group Project/Assignment One/GitHub Repository/Metroidvania-style-RPG/CT6008
D:/University Work/Year 3/CT6008 - Advanced Group Project/Assignment One/GitHub Repository/Metroidvania-style-RPG/CT6008
[UnityMemory] Configuration Parameters - Can be set up in boot.config
    "memorysetup-bucket-allocator-granularity=16"
    "memorysetup-bucket-allocator-bucket-count=8"
    "memorysetup-bucket-allocator-block-size=33554432"
    "memorysetup-bucket-allocator-block-count=8"
    "memorysetup-main-allocator-block-size=16777216"
    "memorysetup-thread-allocator-block-size=16777216"
    "memorysetup-gfx-main-allocator-block-size=16777216"
    "memorysetup-gfx-thread-allocator-block-size=16777216"
    "memorysetup-cache-allocator-block-size=4194304"
    "memorysetup-typetree-allocator-block-size=2097152"
    "memorysetup-profiler-bucket-allocator-granularity=16"
    "memorysetup-profiler-bucket-allocator-bucket-count=8"
    "memorysetup-profiler-bucket-allocator-block-size=33554432"
    "memorysetup-profiler-bucket-allocator-block-count=8"
    "memorysetup-profiler-allocator-block-size=16777216"
    "memorysetup-profiler-editor-allocator-block-size=1048576"
    "memorysetup-temp-allocator-size-main=16777216"
    "memorysetup-job-temp-allocator-block-size=2097152"
    "memorysetup-job-temp-allocator-block-size-background=1048576"
    "memorysetup-job-temp-allocator-reduction-small-platforms=262144"
    "memorysetup-temp-allocator-size-background-worker=32768"
    "memorysetup-temp-allocator-size-job-worker=262144"
    "memorysetup-temp-allocator-size-preload-manager=33554432"
    "memorysetup-temp-allocator-size-nav-mesh-worker=65536"
    "memorysetup-temp-allocator-size-audio-worker=65536"
    "memorysetup-temp-allocator-size-cloud-worker=32768"
    "memorysetup-temp-allocator-size-gi-baking-worker=262144"
    "memorysetup-temp-allocator-size-gfx=262144"
Refreshing native plugins compatible for Editor in 68.90 ms, found 4 plugins.
Preloading 0 native plugins for Editor in 0.00 ms.
Initialize engine version: 2021.2.8f1 (d0e5f0a7b06a)
[Subsystems] Discovering subsystems at path D:/Unity Versions/2021.2.8f1/Editor/Data/Resources/UnitySubsystems
[Subsystems] Discovering subsystems at path D:/University Work/Year 3/CT6008 - Advanced Group Project/Assignment One/GitHub Repository/Metroidvania-style-RPG/CT6008/Assets
GfxDevice: creating device client; threaded=0; jobified=0
Direct3D:
    Version:  Direct3D 11.0 [level 11.1]
    Renderer: NVIDIA GeForce RTX 2070 (ID=0x1f02)
    Vendor:   NVIDIA
    VRAM:     8031 MB
    Driver:   30.0.15.1123
Initialize mono
Mono path[0] = 'D:/Unity Versions/2021.2.8f1/Editor/Data/Managed'
Mono path[1] = 'D:/Unity Versions/2021.2.8f1/Editor/Data/MonoBleedingEdge/lib/mono/unityjit-win32'
Mono config path = 'D:/Unity Versions/2021.2.8f1/Editor/Data/MonoBleedingEdge/etc'
Using monoOptions --debugger-agent=transport=dt_socket,embedding=1,server=y,suspend=n,address=127.0.0.1:56572
Begin MonoManager ReloadAssembly
Registering precompiled unity dll's ...
Register platform support module: D:/Unity Versions/2021.2.8f1/Editor/Data/PlaybackEngines/WindowsStandaloneSupport/UnityEditor.WindowsStandalone.Extensions.dll
Registered in 0.001954 seconds.
Native extension for WindowsStandalone target not found
Refreshing native plugins compatible for Editor in 68.30 ms, found 4 plugins.
Preloading 0 native plugins for Editor in 0.00 ms.
Mono: successfully reloaded assembly
- Completed reload, in  0.509 seconds
Domain Reload Profiling:
	ReloadAssembly (509ms)
		BeginReloadAssembly (67ms)
			ExecutionOrderSort (0ms)
			DisableScriptedObjects (0ms)
			BackupInstance (0ms)
			ReleaseScriptingObjects (0ms)
			CreateAndSetChildDomain (1ms)
		EndReloadAssembly (383ms)
			LoadAssemblies (66ms)
			RebuildTransferFunctionScriptingTraits (0ms)
			SetupTypeCache (84ms)
			ReleaseScriptCaches (0ms)
			RebuildScriptCaches (23ms)
			SetupLoadedEditorAssemblies (236ms)
				LogAssemblyErrors (0ms)
				InitializePlatformSupportModulesInManaged (12ms)
				SetLoadedEditorAssemblies (0ms)
				RefreshPlugins (68ms)
				BeforeProcessingInitializeOnLoad (1ms)
				ProcessInitializeOnLoadAttributes (117ms)
				ProcessInitializeOnLoadMethodAttributes (37ms)
				AfterProcessingInitializeOnLoad (0ms)
				EditorAssembliesLoaded (0ms)
			ExecutionOrderSort2 (0ms)
			AwakeInstancesAfterBackupRestoration (0ms)
Platform modules already initialized, skipping
Registering precompiled user dll's ...
Registered in 0.018609 seconds.
Begin MonoManager ReloadAssembly
Symbol file LoadedFromMemory doesn't match image D:\University Work\Year 3\CT6008 - Advanced Group Project\Assignment One\GitHub Repository\Metroidvania-style-RPG\CT6008\Library\PackageCache\com.unity.visualscripting@1.7.6\Editor\VisualScripting.Core\Dependencies\YamlDotNet\Unity.VisualScripting.YamlDotNet.dll
Symbol file LoadedFromMemory doesn't match image D:\University Work\Year 3\CT6008 - Advanced Group Project\Assignment One\GitHub Repository\Metroidvania-style-RPG\CT6008\Library\PackageCache\com.unity.visualscripting@1.7.6\Editor\VisualScripting.Core\Dependencies\DotNetZip\Unity.VisualScripting.IonicZip.dll
Native extension for WindowsStandalone target not found
Refreshing native plugins compatible for Editor in 66.72 ms, found 4 plugins.
Preloading 0 native plugins for Editor in 0.00 ms.
Mono: successfully reloaded assembly
- Completed reload, in  1.077 seconds
Domain Reload Profiling:
	ReloadAssembly (1077ms)
		BeginReloadAssembly (99ms)
			ExecutionOrderSort (0ms)
			DisableScriptedObjects (5ms)
			BackupInstance (0ms)
			ReleaseScriptingObjects (0ms)
			CreateAndSetChildDomain (16ms)
		EndReloadAssembly (904ms)
			LoadAssemblies (85ms)
			RebuildTransferFunctionScriptingTraits (0ms)
			SetupTypeCache (192ms)
			ReleaseScriptCaches (1ms)
			RebuildScriptCaches (45ms)
			SetupLoadedEditorAssemblies (562ms)
				LogAssemblyErrors (0ms)
				InitializePlatformSupportModulesInManaged (9ms)
				SetLoadedEditorAssemblies (0ms)
				RefreshPlugins (67ms)
				BeforeProcessingInitializeOnLoad (69ms)
				ProcessInitializeOnLoadAttributes (387ms)
				ProcessInitializeOnLoadMethodAttributes (28ms)
				AfterProcessingInitializeOnLoad (2ms)
				EditorAssembliesLoaded (0ms)
			ExecutionOrderSort2 (0ms)
			AwakeInstancesAfterBackupRestoration (5ms)
Platform modules already initialized, skipping
========================================================================
Worker process is ready to serve import requests
Launched and connected shader compiler UnityShaderCompiler.exe after 0.04 seconds
Refreshing native plugins compatible for Editor in 1.12 ms, found 4 plugins.
Preloading 0 native plugins for Editor in 0.00 ms.
Unloading 3904 Unused Serialized files (Serialized files now loaded: 0)
Unloading 37 unused Assets / (55.7 KB). Loaded Objects now: 4359.
Memory consumption went from 148.3 MB to 148.3 MB.
Total: 3.388900 ms (FindLiveObjects: 0.283200 ms CreateObjectMapping: 0.204700 ms MarkObjects: 2.845600 ms  DeleteObjects: 0.054400 ms)

AssetImportParameters requested are different than current active one (requested -> active):
  custom:video-decoder-ogg-theora: a1e56fd34408186e4bbccfd4996cb3dc -> 
  custom:container-muxer-webm: aa71ff27fc2769a1b78a27578f13a17b -> 
  custom:container-demuxer-webm: 4f35f7cbe854078d1ac9338744f61a02 -> 
  custom:video-encoder-webm-vp8: eb34c28f22e8b96e1ab97ce403110664 -> 
  custom:audio-encoder-webm-vorbis: bf7c407c2cedff20999df2af8eb42d56 -> 
  custom:framework-win-MediaFoundation: 216162199b28c13a410421893ffa2e32 -> 
  custom:container-demuxer-ogg: 62fdf1f143b41e24485cea50d1cbac27 -> 
  custom:video-decoder-webm-vp8: 9c59270c3fd7afecdb556c50c9e8de78 -> 
  custom:audio-decoder-ogg-vorbis: bf7c407c2cedff20999df2af8eb42d56 -> 
========================================================================
Received Import Request.
  Time since last request: 1469246.288657 seconds.
  path: Assets/Scenes/SampleScene.unity
  artifactKey: Guid(2cda990e2423bbf4892e6590ba056729) Importer(815301076,1909f56bfc062723c751e8b465ee728b)
Start importing Assets/Scenes/SampleScene.unity using Guid(2cda990e2423bbf4892e6590ba056729) Importer(815301076,1909f56bfc062723c751e8b465ee728b)  -> (artifact id: 'ef95b806eb0cbb4dc84f929849489602') in 0.015909 seconds 
========================================================================
Received Import Request.
  Time since last request: 20.462075 seconds.
  path: Assets/Sprites
  artifactKey: Guid(f9c16810bb6405946b11f000850d59ec) Importer(815301076,1909f56bfc062723c751e8b465ee728b)
Start importing Assets/Sprites using Guid(f9c16810bb6405946b11f000850d59ec) Importer(815301076,1909f56bfc062723c751e8b465ee728b)  -> (artifact id: '8a5b564ca36a0de17ed88f5626b8f589') in 0.001903 seconds 
========================================================================
Received Import Request.
  Time since last request: 3.623901 seconds.
  path: Assets/Sprites/MISC
  artifactKey: Guid(e1c67691fad68914a95f6f1be4ab57cf) Importer(815301076,1909f56bfc062723c751e8b465ee728b)
Start importing Assets/Sprites/MISC using Guid(e1c67691fad68914a95f6f1be4ab57cf) Importer(815301076,1909f56bfc062723c751e8b465ee728b)  -> (artifact id: 'fe45aa507e1994f0f3b95ff731e45f38') in 0.001786 seconds 
========================================================================
Received Import Request.
  Time since last request: 1.347084 seconds.
  path: Assets/Sprites/MISC/Placeholders
  artifactKey: Guid(226fdcb93ca4a3445b8531b3913ab207) Importer(815301076,1909f56bfc062723c751e8b465ee728b)
Start importing Assets/Sprites/MISC/Placeholders using Guid(226fdcb93ca4a3445b8531b3913ab207) Importer(815301076,1909f56bfc062723c751e8b465ee728b)  -> (artifact id: '9922a67213e7951de8773c6baf9385a5') in 0.001825 seconds 
========================================================================
Received Import Request.
  Time since last request: 0.657070 seconds.
  path: Assets/Sprites/MISC/Placeholders/Animations
  artifactKey: Guid(b945a3a984a4835448de091fdba80a7e) Importer(815301076,1909f56bfc062723c751e8b465ee728b)
Start importing Assets/Sprites/MISC/Placeholders/Animations using Guid(b945a3a984a4835448de091fdba80a7e) Importer(815301076,1909f56bfc062723c751e8b465ee728b)  -> (artifact id: '6fe66391d820a055605eb995286db911') in 0.001711 seconds 
========================================================================
Received Import Request.
  Time since last request: 7.114869 seconds.
  path: Assets/Sprites/MISC/Placeholders/PSD
  artifactKey: Guid(300b49ad8bb299043a503b1302c23c1b) Importer(815301076,1909f56bfc062723c751e8b465ee728b)
Start importing Assets/Sprites/MISC/Placeholders/PSD using Guid(300b49ad8bb299043a503b1302c23c1b) Importer(815301076,1909f56bfc062723c751e8b465ee728b)  -> (artifact id: 'e8cc4b0e62111c906dc6e219f606f5a3') in 0.002030 seconds 
========================================================================
Received Import Request.
  Time since last request: 0.056166 seconds.
  path: Assets/Sprites/MISC/Placeholders/PSD/background.png
  artifactKey: Guid(f99c98beb98e2b54eb6efd5bc66ec212) Importer(815301076,1909f56bfc062723c751e8b465ee728b)
Start importing Assets/Sprites/MISC/Placeholders/PSD/background.png using Guid(f99c98beb98e2b54eb6efd5bc66ec212) Importer(815301076,1909f56bfc062723c751e8b465ee728b)  -> (artifact id: 'a72044d347f31fb4c9926ffec5a5c7d8') in 0.129531 seconds 
========================================================================
Received Import Request.
  Time since last request: 0.000015 seconds.
  path: Assets/Sprites/MISC/Placeholders/PSD/lighting test.psd
  artifactKey: Guid(611ecb010df38594c87eee258d161d65) Importer(815301076,1909f56bfc062723c751e8b465ee728b)
Start importing Assets/Sprites/MISC/Placeholders/PSD/lighting test.psd using Guid(611ecb010df38594c87eee258d161d65) Importer(815301076,1909f56bfc062723c751e8b465ee728b)  -> (artifact id: 'dfb2a102fc5cbc82ce3c69f109194c0f') in 0.056892 seconds 
========================================================================
Received Import Request.
  Time since last request: 2.892981 seconds.
  path: Assets/Sprites/MISC/Placeholders/Environments
  artifactKey: Guid(8a7b2a4e35039fe45ba0b6202a21f419) Importer(815301076,1909f56bfc062723c751e8b465ee728b)
Start importing Assets/Sprites/MISC/Placeholders/Environments using Guid(8a7b2a4e35039fe45ba0b6202a21f419) Importer(815301076,1909f56bfc062723c751e8b465ee728b)  -> (artifact id: 'f15fb02f4cfb780ae94bf118d24488c1') in 0.001816 seconds 
========================================================================
Received Import Request.
  Time since last request: 0.060561 seconds.
  path: Assets/Sprites/MISC/Placeholders/Environments/16 x 16 horizontal.png
  artifactKey: Guid(5e88bea5b6665f04c9ba57d69a68350f) Importer(815301076,1909f56bfc062723c751e8b465ee728b)
Start importing Assets/Sprites/MISC/Placeholders/Environments/16 x 16 horizontal.png using Guid(5e88bea5b6665f04c9ba57d69a68350f) Importer(815301076,1909f56bfc062723c751e8b465ee728b)  -> (artifact id: '06bdc4261a9acd6a8eba9aea53cf087b') in 0.013016 seconds 
========================================================================
Received Import Request.
  Time since last request: 0.000015 seconds.
  path: Assets/Sprites/MISC/Placeholders/Environments/Oak 2.png
  artifactKey: Guid(95f7d80c57ba78f499628ea8ba8bd6de) Importer(815301076,1909f56bfc062723c751e8b465ee728b)
Start importing Assets/Sprites/MISC/Placeholders/Environments/Oak 2.png using Guid(95f7d80c57ba78f499628ea8ba8bd6de) Importer(815301076,1909f56bfc062723c751e8b465ee728b)  -> (artifact id: 'bdaecea6e7c1ab5932415f78993287df') in 0.011754 seconds 
========================================================================
Received Import Request.
  Time since last request: 0.000016 seconds.
  path: Assets/Sprites/MISC/Placeholders/Environments/grass greentop.png
  artifactKey: Guid(53899e967545b0843beac7c31b1614b8) Importer(815301076,1909f56bfc062723c751e8b465ee728b)
Start importing Assets/Sprites/MISC/Placeholders/Environments/grass greentop.png using Guid(53899e967545b0843beac7c31b1614b8) Importer(815301076,1909f56bfc062723c751e8b465ee728b)  -> (artifact id: '97c43ee7775ef4ed9ade350e0f2c708e') in 0.011056 seconds 
========================================================================
Received Import Request.
  Time since last request: 0.000017 seconds.
  path: Assets/Sprites/MISC/Placeholders/Environments/grass corner right.png
  artifactKey: Guid(a79d4ced7c9ff8f4597c4743ab240708) Importer(815301076,1909f56bfc062723c751e8b465ee728b)
Start importing Assets/Sprites/MISC/Placeholders/Environments/grass corner right.png using Guid(a79d4ced7c9ff8f4597c4743ab240708) Importer(815301076,1909f56bfc062723c751e8b465ee728b)  -> (artifact id: '572692f91b1a076794c420b186e6f920') in 0.009971 seconds 
========================================================================
Received Import Request.
  Time since last request: 0.000021 seconds.
  path: Assets/Sprites/MISC/Placeholders/Environments/village parts.png
  artifactKey: Guid(3e0be520dd1317544a230cafc5fd3fab) Importer(815301076,1909f56bfc062723c751e8b465ee728b)
Start importing Assets/Sprites/MISC/Placeholders/Environments/village parts.png using Guid(3e0be520dd1317544a230cafc5fd3fab) Importer(815301076,1909f56bfc062723c751e8b465ee728b)  -> (artifact id: 'ababb21c360816e26bef80b2b774bb6e') in 0.229037 seconds 
