Using pre-set license
Built from '2021.2/staging' branch; Version is '2021.2.8f1 (d0e5f0a7b06a) revision 13690352'; Using compiler version '192829333'; Build Type 'Release'
OS: 'Windows 10  (10.0.19043) 64bit Core' Language: 'en' Physical Memory: 16332 MB
BatchMode: 1, IsHumanControllingUs: 0, StartBugReporterOnCrash: 0, Is64bit: 1, IsPro: 0

COMMAND LINE ARGUMENTS:
C:\Program Files\Unity\Editors\2021.2.8f1\Editor\Unity.exe
-adb2
-batchMode
-noUpm
-name
AssetImportWorker1
-projectPath
E:/Uni Work/Level6/CT6008/Assignment/Team Tash/Metroidvania-style-RPG/CT6008
-logFile
Logs/AssetImportWorker1.log
-srvPort
52354
Successfully changed project path to: E:/Uni Work/Level6/CT6008/Assignment/Team Tash/Metroidvania-style-RPG/CT6008
E:/Uni Work/Level6/CT6008/Assignment/Team Tash/Metroidvania-style-RPG/CT6008
[UnityMemory] Configuration Parameters - Can be set up in boot.config
    "memorysetup-bucket-allocator-granularity=16"
    "memorysetup-bucket-allocator-bucket-count=8"
    "memorysetup-bucket-allocator-block-size=33554432"
    "memorysetup-bucket-allocator-block-count=8"
    "memorysetup-main-allocator-block-size=16777216"
    "memorysetup-thread-allocator-block-size=16777216"
    "memorysetup-gfx-main-allocator-block-size=16777216"
    "memorysetup-gfx-thread-allocator-block-size=16777216"
    "memorysetup-cache-allocator-block-size=4194304"
    "memorysetup-typetree-allocator-block-size=2097152"
    "memorysetup-profiler-bucket-allocator-granularity=16"
    "memorysetup-profiler-bucket-allocator-bucket-count=8"
    "memorysetup-profiler-bucket-allocator-block-size=33554432"
    "memorysetup-profiler-bucket-allocator-block-count=8"
    "memorysetup-profiler-allocator-block-size=16777216"
    "memorysetup-profiler-editor-allocator-block-size=1048576"
    "memorysetup-temp-allocator-size-main=16777216"
    "memorysetup-job-temp-allocator-block-size=2097152"
    "memorysetup-job-temp-allocator-block-size-background=1048576"
    "memorysetup-job-temp-allocator-reduction-small-platforms=262144"
    "memorysetup-temp-allocator-size-background-worker=32768"
    "memorysetup-temp-allocator-size-job-worker=262144"
    "memorysetup-temp-allocator-size-preload-manager=33554432"
    "memorysetup-temp-allocator-size-nav-mesh-worker=65536"
    "memorysetup-temp-allocator-size-audio-worker=65536"
    "memorysetup-temp-allocator-size-cloud-worker=32768"
    "memorysetup-temp-allocator-size-gi-baking-worker=262144"
    "memorysetup-temp-allocator-size-gfx=262144"
Refreshing native plugins compatible for Editor in 104.17 ms, found 4 plugins.
Preloading 0 native plugins for Editor in 0.00 ms.
Initialize engine version: 2021.2.8f1 (d0e5f0a7b06a)
[Subsystems] Discovering subsystems at path C:/Program Files/Unity/Editors/2021.2.8f1/Editor/Data/Resources/UnitySubsystems
[Subsystems] Discovering subsystems at path E:/Uni Work/Level6/CT6008/Assignment/Team Tash/Metroidvania-style-RPG/CT6008/Assets
GfxDevice: creating device client; threaded=0; jobified=0
Direct3D:
    Version:  Direct3D 11.0 [level 11.1]
    Renderer: NVIDIA GeForce RTX 3060 (ID=0x2503)
    Vendor:   NVIDIA
    VRAM:     12142 MB
    Driver:   30.0.15.1123
Initialize mono
Mono path[0] = 'C:/Program Files/Unity/Editors/2021.2.8f1/Editor/Data/Managed'
Mono path[1] = 'C:/Program Files/Unity/Editors/2021.2.8f1/Editor/Data/MonoBleedingEdge/lib/mono/unityjit-win32'
Mono config path = 'C:/Program Files/Unity/Editors/2021.2.8f1/Editor/Data/MonoBleedingEdge/etc'
Using monoOptions --debugger-agent=transport=dt_socket,embedding=1,server=y,suspend=n,address=127.0.0.1:56896
Begin MonoManager ReloadAssembly
Registering precompiled unity dll's ...
Register platform support module: C:/Program Files/Unity/Editors/2021.2.8f1/Editor/Data/PlaybackEngines/WindowsStandaloneSupport/UnityEditor.WindowsStandalone.Extensions.dll
Registered in 0.009375 seconds.
Native extension for WindowsStandalone target not found
Refreshing native plugins compatible for Editor in 107.04 ms, found 4 plugins.
Preloading 0 native plugins for Editor in 0.00 ms.
Mono: successfully reloaded assembly
- Completed reload, in  0.809 seconds
Domain Reload Profiling:
	ReloadAssembly (810ms)
		BeginReloadAssembly (103ms)
			ExecutionOrderSort (0ms)
			DisableScriptedObjects (0ms)
			BackupInstance (0ms)
			ReleaseScriptingObjects (0ms)
			CreateAndSetChildDomain (1ms)
		EndReloadAssembly (580ms)
			LoadAssemblies (98ms)
			RebuildTransferFunctionScriptingTraits (0ms)
			SetupTypeCache (122ms)
			ReleaseScriptCaches (0ms)
			RebuildScriptCaches (37ms)
			SetupLoadedEditorAssemblies (354ms)
				LogAssemblyErrors (0ms)
				InitializePlatformSupportModulesInManaged (19ms)
				SetLoadedEditorAssemblies (0ms)
				RefreshPlugins (107ms)
				BeforeProcessingInitializeOnLoad (1ms)
				ProcessInitializeOnLoadAttributes (172ms)
				ProcessInitializeOnLoadMethodAttributes (54ms)
				AfterProcessingInitializeOnLoad (0ms)
				EditorAssembliesLoaded (0ms)
			ExecutionOrderSort2 (0ms)
			AwakeInstancesAfterBackupRestoration (0ms)
Platform modules already initialized, skipping
Registering precompiled user dll's ...
Registered in 0.009287 seconds.
Begin MonoManager ReloadAssembly
Symbol file LoadedFromMemory doesn't match image E:\Uni Work\Level6\CT6008\Assignment\Team Tash\Metroidvania-style-RPG\CT6008\Library\PackageCache\com.unity.visualscripting@1.7.6\Editor\VisualScripting.Core\Dependencies\YamlDotNet\Unity.VisualScripting.YamlDotNet.dll
Symbol file LoadedFromMemory doesn't match image E:\Uni Work\Level6\CT6008\Assignment\Team Tash\Metroidvania-style-RPG\CT6008\Library\PackageCache\com.unity.visualscripting@1.7.6\Editor\VisualScripting.Core\Dependencies\DotNetZip\Unity.VisualScripting.IonicZip.dll
Native extension for WindowsStandalone target not found
Refreshing native plugins compatible for Editor in 102.31 ms, found 4 plugins.
Preloading 0 native plugins for Editor in 0.00 ms.
Mono: successfully reloaded assembly
- Completed reload, in  2.024 seconds
Domain Reload Profiling:
	ReloadAssembly (2026ms)
		BeginReloadAssembly (147ms)
			ExecutionOrderSort (0ms)
			DisableScriptedObjects (7ms)
			BackupInstance (0ms)
			ReleaseScriptingObjects (0ms)
			CreateAndSetChildDomain (21ms)
		EndReloadAssembly (1751ms)
			LoadAssemblies (122ms)
			RebuildTransferFunctionScriptingTraits (0ms)
			SetupTypeCache (292ms)
			ReleaseScriptCaches (1ms)
			RebuildScriptCaches (66ms)
			SetupLoadedEditorAssemblies (1215ms)
				LogAssemblyErrors (0ms)
				InitializePlatformSupportModulesInManaged (15ms)
				SetLoadedEditorAssemblies (0ms)
				RefreshPlugins (102ms)
				BeforeProcessingInitializeOnLoad (109ms)
				ProcessInitializeOnLoadAttributes (930ms)
				ProcessInitializeOnLoadMethodAttributes (43ms)
				AfterProcessingInitializeOnLoad (15ms)
				EditorAssembliesLoaded (0ms)
			ExecutionOrderSort2 (0ms)
			AwakeInstancesAfterBackupRestoration (7ms)
Platform modules already initialized, skipping
========================================================================
Worker process is ready to serve import requests
Launched and connected shader compiler UnityShaderCompiler.exe after 0.08 seconds
Refreshing native plugins compatible for Editor in 0.80 ms, found 4 plugins.
Preloading 0 native plugins for Editor in 0.00 ms.
Unloading 3904 Unused Serialized files (Serialized files now loaded: 0)
Unloading 42 unused Assets / (200.3 KB). Loaded Objects now: 4354.
Memory consumption went from 148.1 MB to 147.9 MB.
Total: 4.507900 ms (FindLiveObjects: 0.480000 ms CreateObjectMapping: 0.137800 ms MarkObjects: 3.714800 ms  DeleteObjects: 0.172600 ms)

AssetImportParameters requested are different than current active one (requested -> active):
  custom:video-decoder-ogg-theora: a1e56fd34408186e4bbccfd4996cb3dc -> 
  custom:container-muxer-webm: aa71ff27fc2769a1b78a27578f13a17b -> 
  custom:container-demuxer-webm: 4f35f7cbe854078d1ac9338744f61a02 -> 
  custom:video-encoder-webm-vp8: eb34c28f22e8b96e1ab97ce403110664 -> 
  custom:audio-encoder-webm-vorbis: bf7c407c2cedff20999df2af8eb42d56 -> 
  custom:framework-win-MediaFoundation: 216162199b28c13a410421893ffa2e32 -> 
  custom:container-demuxer-ogg: 62fdf1f143b41e24485cea50d1cbac27 -> 
  custom:video-decoder-webm-vp8: 9c59270c3fd7afecdb556c50c9e8de78 -> 
  custom:audio-decoder-ogg-vorbis: bf7c407c2cedff20999df2af8eb42d56 -> 
========================================================================
Received Import Request.
  Time since last request: 104059.535066 seconds.
  path: Assets/Sprites/MISC/Placeholders
  artifactKey: Guid(226fdcb93ca4a3445b8531b3913ab207) Importer(815301076,1909f56bfc062723c751e8b465ee728b)
Start importing Assets/Sprites/MISC/Placeholders using Guid(226fdcb93ca4a3445b8531b3913ab207) Importer(815301076,1909f56bfc062723c751e8b465ee728b)  -> (artifact id: 'ba60e496a5316029ab3a3c562f7eec39') in 0.013561 seconds 
========================================================================
Received Import Request.
  Time since last request: 132.826470 seconds.
  path: Assets/Sprites/MISC/Placeholders/PSD/lighting test.png
  artifactKey: Guid(ade98e411b0532e4ca847ac3b3904fe5) Importer(815301076,1909f56bfc062723c751e8b465ee728b)
Start importing Assets/Sprites/MISC/Placeholders/PSD/lighting test.png using Guid(ade98e411b0532e4ca847ac3b3904fe5) Importer(815301076,1909f56bfc062723c751e8b465ee728b)  -> (artifact id: '47196acf50a6b683ffbc825ca8131682') in 0.241436 seconds 
========================================================================
Received Import Request.
  Time since last request: 0.000033 seconds.
  path: Assets/Sprites/MISC/Placeholders/PSD/Grass stuff
  artifactKey: Guid(0c566bb70f517844e89498a01ef72600) Importer(815301076,1909f56bfc062723c751e8b465ee728b)
Start importing Assets/Sprites/MISC/Placeholders/PSD/Grass stuff using Guid(0c566bb70f517844e89498a01ef72600) Importer(815301076,1909f56bfc062723c751e8b465ee728b)  -> (artifact id: '878d201ccd9b1a5ab8dc33033c0513c1') in 0.007471 seconds 
========================================================================
Received Import Request.
  Time since last request: 1.710928 seconds.
  path: Assets/Sprites/MISC/Placeholders/PSD/Demon stuff/Demon Lord Orb Broken.psd
  artifactKey: Guid(da9f96d832ed5b24c85c5be85d556015) Importer(815301076,1909f56bfc062723c751e8b465ee728b)
Start importing Assets/Sprites/MISC/Placeholders/PSD/Demon stuff/Demon Lord Orb Broken.psd using Guid(da9f96d832ed5b24c85c5be85d556015) Importer(815301076,1909f56bfc062723c751e8b465ee728b)  -> (artifact id: '36287bc64f652775587a44d57e4a3203') in 0.019793 seconds 
========================================================================
Received Import Request.
  Time since last request: 0.000046 seconds.
  path: Assets/Sprites/MISC/Placeholders/PSD/Demon stuff/Demon Lord Orb.png
  artifactKey: Guid(a0c8cd872f229554aafa6935be04846d) Importer(815301076,1909f56bfc062723c751e8b465ee728b)
Start importing Assets/Sprites/MISC/Placeholders/PSD/Demon stuff/Demon Lord Orb.png using Guid(a0c8cd872f229554aafa6935be04846d) Importer(815301076,1909f56bfc062723c751e8b465ee728b)  -> (artifact id: '8d018e2476563d7ff5586bf2de2969de') in 0.020255 seconds 
========================================================================
Received Import Request.
  Time since last request: 4.302432 seconds.
  path: Assets/Sprites/MISC/Placeholders/PSD/Grass stuff/dirt.psd
  artifactKey: Guid(d8dab9a3df93cf6438eb628d983cf452) Importer(815301076,1909f56bfc062723c751e8b465ee728b)
Start importing Assets/Sprites/MISC/Placeholders/PSD/Grass stuff/dirt.psd using Guid(d8dab9a3df93cf6438eb628d983cf452) Importer(815301076,1909f56bfc062723c751e8b465ee728b)  -> (artifact id: 'fb1b7b9ac7197acf1e2cf47f478b0842') in 0.025518 seconds 
========================================================================
Received Import Request.
  Time since last request: 0.000042 seconds.
  path: Assets/Sprites/MISC/Placeholders/PSD/Grass stuff/grass greentop.png
  artifactKey: Guid(fa4f37251d0bd19489242af9d4a2292c) Importer(815301076,1909f56bfc062723c751e8b465ee728b)
Start importing Assets/Sprites/MISC/Placeholders/PSD/Grass stuff/grass greentop.png using Guid(fa4f37251d0bd19489242af9d4a2292c) Importer(815301076,1909f56bfc062723c751e8b465ee728b)  -> (artifact id: 'b7f62816b6c04a740757271a62d22d30') in 0.036449 seconds 
========================================================================
Received Import Request.
  Time since last request: 0.000034 seconds.
  path: Assets/Sprites/MISC/Placeholders/PSD/Grass stuff/grass greentop.psd
  artifactKey: Guid(222616aab18a44542bb7497a9d7e16a6) Importer(815301076,1909f56bfc062723c751e8b465ee728b)
Start importing Assets/Sprites/MISC/Placeholders/PSD/Grass stuff/grass greentop.psd using Guid(222616aab18a44542bb7497a9d7e16a6) Importer(815301076,1909f56bfc062723c751e8b465ee728b)  -> (artifact id: '938e623a66b155e2fd67f5a6541774e0') in 0.027055 seconds 
========================================================================
Received Import Request.
  Time since last request: 0.000038 seconds.
  path: Assets/Sprites/MISC/Placeholders/PSD/Grass stuff/grass corner right.png
  artifactKey: Guid(feab20db6a6d20b4d9f6a7c28e70382c) Importer(815301076,1909f56bfc062723c751e8b465ee728b)
Start importing Assets/Sprites/MISC/Placeholders/PSD/Grass stuff/grass corner right.png using Guid(feab20db6a6d20b4d9f6a7c28e70382c) Importer(815301076,1909f56bfc062723c751e8b465ee728b)  -> (artifact id: 'd4c6c70eef87a065e8b58f9734bac146') in 0.019832 seconds 
========================================================================
Received Import Request.
  Time since last request: 0.000047 seconds.
  path: Assets/Sprites/MISC/Placeholders/PSD/Grass stuff/grass dirt 4by4.png
  artifactKey: Guid(7b012f816af1d984a804749890181f00) Importer(815301076,1909f56bfc062723c751e8b465ee728b)
Start importing Assets/Sprites/MISC/Placeholders/PSD/Grass stuff/grass dirt 4by4.png using Guid(7b012f816af1d984a804749890181f00) Importer(815301076,1909f56bfc062723c751e8b465ee728b)  -> (artifact id: '2d781eb2c3b1fba60e6d773520e2c1a4') in 0.021003 seconds 
========================================================================
Received Import Request.
  Time since last request: 5.376773 seconds.
  path: Assets/Sprites/MISC/Placeholders/PSD/Grey rock/16 x 16 horizontal large.png
  artifactKey: Guid(e668d02d4b8c76344b5a0e0dc9da2a38) Importer(815301076,1909f56bfc062723c751e8b465ee728b)
Start importing Assets/Sprites/MISC/Placeholders/PSD/Grey rock/16 x 16 horizontal large.png using Guid(e668d02d4b8c76344b5a0e0dc9da2a38) Importer(815301076,1909f56bfc062723c751e8b465ee728b)  -> (artifact id: '7eab2c19d953ddb85a1100bc9da69326') in 0.098676 seconds 
========================================================================
Received Import Request.
  Time since last request: 0.000045 seconds.
  path: Assets/Sprites/MISC/Placeholders/PSD/Grey rock/proto water.png
  artifactKey: Guid(de7f4a5490913854791ba4f46f488f91) Importer(815301076,1909f56bfc062723c751e8b465ee728b)
Start importing Assets/Sprites/MISC/Placeholders/PSD/Grey rock/proto water.png using Guid(de7f4a5490913854791ba4f46f488f91) Importer(815301076,1909f56bfc062723c751e8b465ee728b)  -> (artifact id: '4e4461b859e2ae8ef6fb380ed901bbf9') in 0.023226 seconds 
========================================================================
Received Import Request.
  Time since last request: 0.000035 seconds.
  path: Assets/Sprites/MISC/Placeholders/PSD/Grey rock/Button up.psd
  artifactKey: Guid(1f00f6d27118d7e4fa7b790ef4f0dcdd) Importer(815301076,1909f56bfc062723c751e8b465ee728b)
Start importing Assets/Sprites/MISC/Placeholders/PSD/Grey rock/Button up.psd using Guid(1f00f6d27118d7e4fa7b790ef4f0dcdd) Importer(815301076,1909f56bfc062723c751e8b465ee728b)  -> (artifact id: 'a89ec7d3c63a975d55ef464ea42788e4') in 0.052327 seconds 
========================================================================
Received Import Request.
  Time since last request: 0.000049 seconds.
  path: Assets/Sprites/MISC/Placeholders/PSD/Grey rock/spike upside down.png
  artifactKey: Guid(f3ca9abf629c6f343923c4ffff92a91d) Importer(815301076,1909f56bfc062723c751e8b465ee728b)
Start importing Assets/Sprites/MISC/Placeholders/PSD/Grey rock/spike upside down.png using Guid(f3ca9abf629c6f343923c4ffff92a91d) Importer(815301076,1909f56bfc062723c751e8b465ee728b)  -> (artifact id: '9f695f00683b5d1253fe7383bc694492') in 0.036927 seconds 
========================================================================
Received Import Request.
  Time since last request: 0.000045 seconds.
  path: Assets/Sprites/MISC/Placeholders/PSD/Grey rock/256 horizontal.psd
  artifactKey: Guid(9ddfb7e403fe5614b8ccb0f2d1ea4c07) Importer(815301076,1909f56bfc062723c751e8b465ee728b)
Start importing Assets/Sprites/MISC/Placeholders/PSD/Grey rock/256 horizontal.psd using Guid(9ddfb7e403fe5614b8ccb0f2d1ea4c07) Importer(815301076,1909f56bfc062723c751e8b465ee728b)  -> (artifact id: '0f69bb1465e1a2c1455ad3bbe5a895db') in 0.034284 seconds 
========================================================================
Received Import Request.
  Time since last request: 0.000046 seconds.
  path: Assets/Sprites/MISC/Placeholders/PSD/Grey rock/iceblock.psd
  artifactKey: Guid(4f638e9e4d727a44f90e7382bb908042) Importer(815301076,1909f56bfc062723c751e8b465ee728b)
Start importing Assets/Sprites/MISC/Placeholders/PSD/Grey rock/iceblock.psd using Guid(4f638e9e4d727a44f90e7382bb908042) Importer(815301076,1909f56bfc062723c751e8b465ee728b)  -> (artifact id: '0f033994001a77f5e62fc7fd7df7f63f') in 0.035463 seconds 
========================================================================
Received Import Request.
  Time since last request: 0.000031 seconds.
  path: Assets/Sprites/MISC/Placeholders/PSD/Grey rock/GreenPlatform.png
  artifactKey: Guid(abf5aaf8e1d1dfb47ae8ff43e9058c85) Importer(815301076,1909f56bfc062723c751e8b465ee728b)
Start importing Assets/Sprites/MISC/Placeholders/PSD/Grey rock/GreenPlatform.png using Guid(abf5aaf8e1d1dfb47ae8ff43e9058c85) Importer(815301076,1909f56bfc062723c751e8b465ee728b)  -> (artifact id: '3b84a8fb042e65d679ec3627d8dca854') in 0.023111 seconds 
========================================================================
Received Import Request.
  Time since last request: 0.000038 seconds.
  path: Assets/Sprites/MISC/Placeholders/PSD/Grey rock/chandelier.psd
  artifactKey: Guid(4c259f8b0063dac4fa59be28632e47bd) Importer(815301076,1909f56bfc062723c751e8b465ee728b)
Start importing Assets/Sprites/MISC/Placeholders/PSD/Grey rock/chandelier.psd using Guid(4c259f8b0063dac4fa59be28632e47bd) Importer(815301076,1909f56bfc062723c751e8b465ee728b)  -> (artifact id: 'c060018d39422da3b338bb53a8f83cc6') in 0.021532 seconds 
========================================================================
Received Import Request.
  Time since last request: 0.000040 seconds.
  path: Assets/Sprites/MISC/Placeholders/PSD/Grey rock/background test.psd
  artifactKey: Guid(ef62cb8a6f6d901449df909a1b1b0f7c) Importer(815301076,1909f56bfc062723c751e8b465ee728b)
Start importing Assets/Sprites/MISC/Placeholders/PSD/Grey rock/background test.psd using Guid(ef62cb8a6f6d901449df909a1b1b0f7c) Importer(815301076,1909f56bfc062723c751e8b465ee728b)  -> (artifact id: '1833eaa1f31720364fa6955ecd178da4') in 0.316990 seconds 
========================================================================
Received Import Request.
  Time since last request: 0.000056 seconds.
  path: Assets/Sprites/MISC/Placeholders/PSD/Grey rock/background test.png
  artifactKey: Guid(e463f30ce5a6baf46b930038099e9165) Importer(815301076,1909f56bfc062723c751e8b465ee728b)
Start importing Assets/Sprites/MISC/Placeholders/PSD/Grey rock/background test.png using Guid(e463f30ce5a6baf46b930038099e9165) Importer(815301076,1909f56bfc062723c751e8b465ee728b)  -> (artifact id: '78a6f3a5575dd7675911f6db0a0824a8') in 0.201225 seconds 
========================================================================
Received Import Request.
  Time since last request: 1.348663 seconds.
  path: Assets/Sprites/MISC/Placeholders/PSD/Grey rock/Stone Lever.png
  artifactKey: Guid(13bd172a5ae47c845bd63a242a0e8cd7) Importer(815301076,1909f56bfc062723c751e8b465ee728b)
Start importing Assets/Sprites/MISC/Placeholders/PSD/Grey rock/Stone Lever.png using Guid(13bd172a5ae47c845bd63a242a0e8cd7) Importer(815301076,1909f56bfc062723c751e8b465ee728b)  -> (artifact id: 'eea5a6adac055ca560d775c27a530f58') in 0.019208 seconds 
========================================================================
Received Import Request.
  Time since last request: 0.000031 seconds.
  path: Assets/Sprites/MISC/Placeholders/PSD/Grey rock/stone stairs.psd
  artifactKey: Guid(b6a4138ce9cbd024185a628acdec41e4) Importer(815301076,1909f56bfc062723c751e8b465ee728b)
Start importing Assets/Sprites/MISC/Placeholders/PSD/Grey rock/stone stairs.psd using Guid(b6a4138ce9cbd024185a628acdec41e4) Importer(815301076,1909f56bfc062723c751e8b465ee728b)  -> (artifact id: 'a33a960efda31801b08281ed5619a367') in 0.027816 seconds 
========================================================================
Received Import Request.
  Time since last request: 0.000037 seconds.
  path: Assets/Sprites/MISC/Placeholders/PSD/Grey rock/tallspike.png
  artifactKey: Guid(f78ec5f2eb722384eb8d038ca5d2ea8b) Importer(815301076,1909f56bfc062723c751e8b465ee728b)
Start importing Assets/Sprites/MISC/Placeholders/PSD/Grey rock/tallspike.png using Guid(f78ec5f2eb722384eb8d038ca5d2ea8b) Importer(815301076,1909f56bfc062723c751e8b465ee728b)  -> (artifact id: '81cea4c3b0be6b317355cdfdb5a30ad0') in 0.027376 seconds 
========================================================================
Received Import Request.
  Time since last request: 0.000059 seconds.
  path: Assets/Sprites/MISC/Placeholders/PSD/Grey rock/template for animations.psd
  artifactKey: Guid(273f6673de572aa4f94a3d350394ac00) Importer(815301076,1909f56bfc062723c751e8b465ee728b)
Start importing Assets/Sprites/MISC/Placeholders/PSD/Grey rock/template for animations.psd using Guid(273f6673de572aa4f94a3d350394ac00) Importer(815301076,1909f56bfc062723c751e8b465ee728b)  -> (artifact id: '2fea4684ee819496f55fa88370d3c742') in 0.026217 seconds 
========================================================================
Received Import Request.
  Time since last request: 0.000035 seconds.
  path: Assets/Sprites/MISC/Placeholders/PSD/Grey rock/tallspike.psd
  artifactKey: Guid(eaba6fdcf2703e440b6970f2ee1a756a) Importer(815301076,1909f56bfc062723c751e8b465ee728b)
Start importing Assets/Sprites/MISC/Placeholders/PSD/Grey rock/tallspike.psd using Guid(eaba6fdcf2703e440b6970f2ee1a756a) Importer(815301076,1909f56bfc062723c751e8b465ee728b)  -> (artifact id: '3a3ed1a6e632d56b6cb5f3a314d5a750') in 0.017640 seconds 
========================================================================
Received Import Request.
  Time since last request: 22.658786 seconds.
  path: Assets/Sprites/MISC/Placeholders/PSD/Player stuff/Full Heart.png
  artifactKey: Guid(b91ac4482130045409a63a466d9d07e0) Importer(815301076,1909f56bfc062723c751e8b465ee728b)
Start importing Assets/Sprites/MISC/Placeholders/PSD/Player stuff/Full Heart.png using Guid(b91ac4482130045409a63a466d9d07e0) Importer(815301076,1909f56bfc062723c751e8b465ee728b)  -> (artifact id: '4f1a836a1199940c08dceb22f43f6dea') in 0.023599 seconds 
========================================================================
Received Import Request.
  Time since last request: 0.000031 seconds.
  path: Assets/Sprites/MISC/Placeholders/PSD/Player stuff/threequater heart.png
  artifactKey: Guid(5435a7c082205b54f9c9498c42c1e2d3) Importer(815301076,1909f56bfc062723c751e8b465ee728b)
Start importing Assets/Sprites/MISC/Placeholders/PSD/Player stuff/threequater heart.png using Guid(5435a7c082205b54f9c9498c42c1e2d3) Importer(815301076,1909f56bfc062723c751e8b465ee728b)  -> (artifact id: '1fdf9dc2ff13885789cec8a6fdc0bc5d') in 0.076675 seconds 
========================================================================
Received Import Request.
  Time since last request: 0.000029 seconds.
  path: Assets/Sprites/MISC/Placeholders/PSD/Player stuff/quater heart.psd
  artifactKey: Guid(e0d2b20766d214340829b641d2ab8a52) Importer(815301076,1909f56bfc062723c751e8b465ee728b)
Start importing Assets/Sprites/MISC/Placeholders/PSD/Player stuff/quater heart.psd using Guid(e0d2b20766d214340829b641d2ab8a52) Importer(815301076,1909f56bfc062723c751e8b465ee728b)  -> (artifact id: '9d6cb18b093bdc25396eb02b11d18a78') in 0.038116 seconds 
========================================================================
Received Import Request.
  Time since last request: 0.000025 seconds.
  path: Assets/Sprites/MISC/Placeholders/PSD/Player stuff/half heart.psd
  artifactKey: Guid(e845db1cadc6a4a4eafbc33e469925d9) Importer(815301076,1909f56bfc062723c751e8b465ee728b)
Start importing Assets/Sprites/MISC/Placeholders/PSD/Player stuff/half heart.psd using Guid(e845db1cadc6a4a4eafbc33e469925d9) Importer(815301076,1909f56bfc062723c751e8b465ee728b)  -> (artifact id: '805eb9d104ec8143e0af387d1dbe061e') in 0.036585 seconds 
========================================================================
Received Import Request.
  Time since last request: 0.000063 seconds.
  path: Assets/Sprites/MISC/Placeholders/PSD/Player stuff/numbers.psd
  artifactKey: Guid(17cc6cafc14644b46beba85e0b4d14ce) Importer(815301076,1909f56bfc062723c751e8b465ee728b)
Start importing Assets/Sprites/MISC/Placeholders/PSD/Player stuff/numbers.psd using Guid(17cc6cafc14644b46beba85e0b4d14ce) Importer(815301076,1909f56bfc062723c751e8b465ee728b)  -> (artifact id: 'f83d67b10368738006067ed026c492c8') in 0.033663 seconds 
========================================================================
Received Import Request.
  Time since last request: 0.000050 seconds.
  path: Assets/Sprites/MISC/Placeholders/PSD/Player stuff/TEst Menu.png
  artifactKey: Guid(a65667732c7a97640a2515f1a4e27bd0) Importer(815301076,1909f56bfc062723c751e8b465ee728b)
Start importing Assets/Sprites/MISC/Placeholders/PSD/Player stuff/TEst Menu.png using Guid(a65667732c7a97640a2515f1a4e27bd0) Importer(815301076,1909f56bfc062723c751e8b465ee728b)  -> (artifact id: 'd12920b666ee0a896946a83e662a765a') in 0.025988 seconds 
========================================================================
Received Import Request.
  Time since last request: 0.000032 seconds.
  path: Assets/Sprites/MISC/Placeholders/PSD/Player stuff/statblock.png
  artifactKey: Guid(06b426ad5f548ea419e66e33cc3379d3) Importer(815301076,1909f56bfc062723c751e8b465ee728b)
Start importing Assets/Sprites/MISC/Placeholders/PSD/Player stuff/statblock.png using Guid(06b426ad5f548ea419e66e33cc3379d3) Importer(815301076,1909f56bfc062723c751e8b465ee728b)  -> (artifact id: '53577314e47cf911253bc7bd79476a1b') in 0.020508 seconds 
========================================================================
Received Import Request.
  Time since last request: 0.000032 seconds.
  path: Assets/Sprites/MISC/Placeholders/PSD/Player stuff/TEst Menu.psd
  artifactKey: Guid(ac07086a2a573f74dbcf3cb12af10fda) Importer(815301076,1909f56bfc062723c751e8b465ee728b)
Start importing Assets/Sprites/MISC/Placeholders/PSD/Player stuff/TEst Menu.psd using Guid(ac07086a2a573f74dbcf3cb12af10fda) Importer(815301076,1909f56bfc062723c751e8b465ee728b)  -> (artifact id: '312fb0eaf933b75dbec132e43abb26d4') in 0.023920 seconds 
========================================================================
Received Import Request.
  Time since last request: 0.000038 seconds.
  path: Assets/Sprites/MISC/Placeholders/PSD/Player stuff/Semi Colon.png
  artifactKey: Guid(e49d0e07425e52b48be16a11b2b9b995) Importer(815301076,1909f56bfc062723c751e8b465ee728b)
Start importing Assets/Sprites/MISC/Placeholders/PSD/Player stuff/Semi Colon.png using Guid(e49d0e07425e52b48be16a11b2b9b995) Importer(815301076,1909f56bfc062723c751e8b465ee728b)  -> (artifact id: '0ba76b6e624d1cfb1174acba9a48278c') in 0.042154 seconds 
========================================================================
Received Import Request.
  Time since last request: 0.000023 seconds.
  path: Assets/Sprites/MISC/Placeholders/PSD/Player stuff/menu medium.png
  artifactKey: Guid(12ae3f0944eda8048a93225d2167eb92) Importer(815301076,1909f56bfc062723c751e8b465ee728b)
Start importing Assets/Sprites/MISC/Placeholders/PSD/Player stuff/menu medium.png using Guid(12ae3f0944eda8048a93225d2167eb92) Importer(815301076,1909f56bfc062723c751e8b465ee728b)  -> (artifact id: 'ce48ed61d1385223fdd02de3ee98a2ef') in 0.127219 seconds 
========================================================================
Received Import Request.
  Time since last request: 0.000042 seconds.
  path: Assets/Sprites/MISC/Placeholders/PSD/Player stuff/speach bubble.png
  artifactKey: Guid(9c4193287d4fd814a9eaf1c21997cb57) Importer(815301076,1909f56bfc062723c751e8b465ee728b)
Start importing Assets/Sprites/MISC/Placeholders/PSD/Player stuff/speach bubble.png using Guid(9c4193287d4fd814a9eaf1c21997cb57) Importer(815301076,1909f56bfc062723c751e8b465ee728b)  -> (artifact id: 'fc6996005b1be205750bd01ad73cb249') in 0.023407 seconds 
========================================================================
Received Import Request.
  Time since last request: 0.000068 seconds.
  path: Assets/Sprites/MISC/Placeholders/PSD/Player stuff/Full Heart.psd
  artifactKey: Guid(5b89f3cdcffd3c24a8c7c7c88fb4787f) Importer(815301076,1909f56bfc062723c751e8b465ee728b)
Start importing Assets/Sprites/MISC/Placeholders/PSD/Player stuff/Full Heart.psd using Guid(5b89f3cdcffd3c24a8c7c7c88fb4787f) Importer(815301076,1909f56bfc062723c751e8b465ee728b)  -> (artifact id: 'd5397f7a22f5e8cea834866b2fd59264') in 0.024025 seconds 
========================================================================
Received Import Request.
  Time since last request: 1.994417 seconds.
  path: Assets/Sprites/MISC/Placeholders/PSD/Player stuff/text segments/text 4.png
  artifactKey: Guid(8458b08a21c5a0d43adeccb8f7d5a000) Importer(815301076,1909f56bfc062723c751e8b465ee728b)
Start importing Assets/Sprites/MISC/Placeholders/PSD/Player stuff/text segments/text 4.png using Guid(8458b08a21c5a0d43adeccb8f7d5a000) Importer(815301076,1909f56bfc062723c751e8b465ee728b)  -> (artifact id: '57c044df5401006e378a45970f91fa91') in 0.034846 seconds 
========================================================================
Received Import Request.
  Time since last request: 0.000040 seconds.
  path: Assets/Sprites/MISC/Placeholders/PSD/Player stuff/text segments/text 5.png
  artifactKey: Guid(bec45d440de68c44db4ddb07b7b72f8e) Importer(815301076,1909f56bfc062723c751e8b465ee728b)
Start importing Assets/Sprites/MISC/Placeholders/PSD/Player stuff/text segments/text 5.png using Guid(bec45d440de68c44db4ddb07b7b72f8e) Importer(815301076,1909f56bfc062723c751e8b465ee728b)  -> (artifact id: '43593c1b6427415e5c9ce2ea7daf402e') in 0.022901 seconds 
========================================================================
Received Import Request.
  Time since last request: 0.000048 seconds.
  path: Assets/Sprites/MISC/Placeholders/PSD/Player stuff/text segments/text two.png
  artifactKey: Guid(1a1a821091c58454ea03f6f24ccfbff4) Importer(815301076,1909f56bfc062723c751e8b465ee728b)
Start importing Assets/Sprites/MISC/Placeholders/PSD/Player stuff/text segments/text two.png using Guid(1a1a821091c58454ea03f6f24ccfbff4) Importer(815301076,1909f56bfc062723c751e8b465ee728b)  -> (artifact id: 'c5af27d83e79c2a06367f91da2f1eefe') in 0.039642 seconds 
========================================================================
Received Import Request.
  Time since last request: 5.372578 seconds.
  path: Assets/Sprites/MISC/Placeholders/PSD/Player stuff/UI/Health Bar full.png
  artifactKey: Guid(be15daa1c690e9f4cb396eff58b7146c) Importer(815301076,1909f56bfc062723c751e8b465ee728b)
Start importing Assets/Sprites/MISC/Placeholders/PSD/Player stuff/UI/Health Bar full.png using Guid(be15daa1c690e9f4cb396eff58b7146c) Importer(815301076,1909f56bfc062723c751e8b465ee728b)  -> (artifact id: '6f6e82dbc731f33c0cff95046de5ae07') in 0.035351 seconds 
========================================================================
Received Import Request.
  Time since last request: 0.000041 seconds.
  path: Assets/Sprites/MISC/Placeholders/PSD/Player stuff/UI/Mana Bar full.psd
  artifactKey: Guid(1d7ac87867c1940438a14e820ca6f461) Importer(815301076,1909f56bfc062723c751e8b465ee728b)
Start importing Assets/Sprites/MISC/Placeholders/PSD/Player stuff/UI/Mana Bar full.psd using Guid(1d7ac87867c1940438a14e820ca6f461) Importer(815301076,1909f56bfc062723c751e8b465ee728b)  -> (artifact id: '68f429c0e70462eef4d450003320b406') in 0.043506 seconds 
========================================================================
Received Import Request.
  Time since last request: 0.000035 seconds.
  path: Assets/Sprites/MISC/Placeholders/PSD/Player stuff/UI/Mana Bar standard.psd
  artifactKey: Guid(9ae55314d1be68f418ce69e021dc9e57) Importer(815301076,1909f56bfc062723c751e8b465ee728b)
Start importing Assets/Sprites/MISC/Placeholders/PSD/Player stuff/UI/Mana Bar standard.psd using Guid(9ae55314d1be68f418ce69e021dc9e57) Importer(815301076,1909f56bfc062723c751e8b465ee728b)  -> (artifact id: 'b181c59e3bf2f8a42a79e2afe2cba9f2') in 0.029154 seconds 
========================================================================
Received Import Request.
  Time since last request: 0.000040 seconds.
  path: Assets/Sprites/MISC/Placeholders/PSD/Player stuff/UI/Health bar standard.psd
  artifactKey: Guid(b35a5c541db4cef4bb9b762fed024835) Importer(815301076,1909f56bfc062723c751e8b465ee728b)
Start importing Assets/Sprites/MISC/Placeholders/PSD/Player stuff/UI/Health bar standard.psd using Guid(b35a5c541db4cef4bb9b762fed024835) Importer(815301076,1909f56bfc062723c751e8b465ee728b)  -> (artifact id: 'd83594c35462de575a05c11b04831657') in 0.037890 seconds 
========================================================================
Received Import Request.
  Time since last request: 0.000042 seconds.
  path: Assets/Sprites/MISC/Placeholders/PSD/Player stuff/UI/Wings.png
  artifactKey: Guid(3d00ff491d493824cb94963f8f17a1df) Importer(815301076,1909f56bfc062723c751e8b465ee728b)
Start importing Assets/Sprites/MISC/Placeholders/PSD/Player stuff/UI/Wings.png using Guid(3d00ff491d493824cb94963f8f17a1df) Importer(815301076,1909f56bfc062723c751e8b465ee728b)  -> (artifact id: '7b024de3cd270dcbcf787024ed13c2f2') in 0.023155 seconds 
========================================================================
Received Import Request.
  Time since last request: 0.000038 seconds.
  path: Assets/Sprites/MISC/Placeholders/PSD/Player stuff/UI/Health Bar shot.psd
  artifactKey: Guid(b97956a430384cf4baf3faaaa9fd2909) Importer(815301076,1909f56bfc062723c751e8b465ee728b)
Start importing Assets/Sprites/MISC/Placeholders/PSD/Player stuff/UI/Health Bar shot.psd using Guid(b97956a430384cf4baf3faaaa9fd2909) Importer(815301076,1909f56bfc062723c751e8b465ee728b)  -> (artifact id: '6187cf474d7fc606c478d14ced3ef3fa') in 0.021304 seconds 
========================================================================
Received Import Request.
  Time since last request: 11.104146 seconds.
  path: Assets/Sprites/MISC/Placeholders/PSD/Trees/Oak 2 shadowless.png
  artifactKey: Guid(172b8bf8aa55de4489062a13b0e77f70) Importer(815301076,1909f56bfc062723c751e8b465ee728b)
Start importing Assets/Sprites/MISC/Placeholders/PSD/Trees/Oak 2 shadowless.png using Guid(172b8bf8aa55de4489062a13b0e77f70) Importer(815301076,1909f56bfc062723c751e8b465ee728b)  -> (artifact id: '8fb84da6a574ff96fbbcbf7eaeb5e432') in 0.025095 seconds 
========================================================================
Received Import Request.
  Time since last request: 0.000029 seconds.
  path: Assets/Sprites/MISC/Placeholders/PSD/Trees/tree test sheet.psd
  artifactKey: Guid(349a95013a29c30479dd66d3c62b02a6) Importer(815301076,1909f56bfc062723c751e8b465ee728b)
Start importing Assets/Sprites/MISC/Placeholders/PSD/Trees/tree test sheet.psd using Guid(349a95013a29c30479dd66d3c62b02a6) Importer(815301076,1909f56bfc062723c751e8b465ee728b)  -> (artifact id: '98e45b2b73610bab402f4f78b1a0d03d') in 0.061615 seconds 
========================================================================
Received Import Request.
  Time since last request: 0.000047 seconds.
  path: Assets/Sprites/MISC/Placeholders/PSD/Trees/willow 1.png
  artifactKey: Guid(bc39f225d779417469a0a00258c6e627) Importer(815301076,1909f56bfc062723c751e8b465ee728b)
Start importing Assets/Sprites/MISC/Placeholders/PSD/Trees/willow 1.png using Guid(bc39f225d779417469a0a00258c6e627) Importer(815301076,1909f56bfc062723c751e8b465ee728b)  -> (artifact id: 'b3fc8bc67efb972f81cf787400f20f38') in 0.032290 seconds 
========================================================================
Received Import Request.
  Time since last request: 56.643316 seconds.
  path: Assets/Sprites/MISC/Placeholders/PSD/village/village parts.psd
  artifactKey: Guid(c12bfbf9f0448244c8848d793cb2004d) Importer(815301076,1909f56bfc062723c751e8b465ee728b)
Start importing Assets/Sprites/MISC/Placeholders/PSD/village/village parts.psd using Guid(c12bfbf9f0448244c8848d793cb2004d) Importer(815301076,1909f56bfc062723c751e8b465ee728b)  -> (artifact id: 'a74317085038c809ae24922909138055') in 0.045765 seconds 
========================================================================
Received Import Request.
  Time since last request: 7.347656 seconds.
  path: Assets/Sprites/MISC/Placeholders/PSD/Golem/golem full animation.png
  artifactKey: Guid(92b3c28488287354c88a09fbb61d1a62) Importer(815301076,1909f56bfc062723c751e8b465ee728b)
Start importing Assets/Sprites/MISC/Placeholders/PSD/Golem/golem full animation.png using Guid(92b3c28488287354c88a09fbb61d1a62) Importer(815301076,1909f56bfc062723c751e8b465ee728b)  -> (artifact id: '5c4a4a4ff29edfa817a78dfa45857838') in 0.026080 seconds 
========================================================================
Received Import Request.
  Time since last request: 0.000040 seconds.
  path: Assets/Sprites/MISC/Placeholders/PSD/Golem/golem full animation.psd
  artifactKey: Guid(ac03e48504a88cc4b8e82fa50cd4d6ce) Importer(815301076,1909f56bfc062723c751e8b465ee728b)
Start importing Assets/Sprites/MISC/Placeholders/PSD/Golem/golem full animation.psd using Guid(ac03e48504a88cc4b8e82fa50cd4d6ce) Importer(815301076,1909f56bfc062723c751e8b465ee728b)  -> (artifact id: '6e0e3f836167bf055e1f94fe122170eb') in 0.026926 seconds 
