Using pre-set license
Built from '2021.2/staging' branch; Version is '2021.2.8f1 (d0e5f0a7b06a) revision 13690352'; Using compiler version '192829333'; Build Type 'Release'
OS: 'Windows 10  (10.0.19043) 64bit Core' Language: 'en' Physical Memory: 16332 MB
BatchMode: 1, IsHumanControllingUs: 0, StartBugReporterOnCrash: 0, Is64bit: 1, IsPro: 0

COMMAND LINE ARGUMENTS:
C:\Program Files\Unity\Editors\2021.2.8f1\Editor\Unity.exe
-adb2
-batchMode
-noUpm
-name
AssetImportWorker0
-projectPath
E:/Uni Work/Level6/CT6008/Assignment/Team Tash/Metroidvania-style-RPG/CT6008
-logFile
Logs/AssetImportWorker0.log
-srvPort
52354
Successfully changed project path to: E:/Uni Work/Level6/CT6008/Assignment/Team Tash/Metroidvania-style-RPG/CT6008
E:/Uni Work/Level6/CT6008/Assignment/Team Tash/Metroidvania-style-RPG/CT6008
[UnityMemory] Configuration Parameters - Can be set up in boot.config
    "memorysetup-bucket-allocator-granularity=16"
    "memorysetup-bucket-allocator-bucket-count=8"
    "memorysetup-bucket-allocator-block-size=33554432"
    "memorysetup-bucket-allocator-block-count=8"
    "memorysetup-main-allocator-block-size=16777216"
    "memorysetup-thread-allocator-block-size=16777216"
    "memorysetup-gfx-main-allocator-block-size=16777216"
    "memorysetup-gfx-thread-allocator-block-size=16777216"
    "memorysetup-cache-allocator-block-size=4194304"
    "memorysetup-typetree-allocator-block-size=2097152"
    "memorysetup-profiler-bucket-allocator-granularity=16"
    "memorysetup-profiler-bucket-allocator-bucket-count=8"
    "memorysetup-profiler-bucket-allocator-block-size=33554432"
    "memorysetup-profiler-bucket-allocator-block-count=8"
    "memorysetup-profiler-allocator-block-size=16777216"
    "memorysetup-profiler-editor-allocator-block-size=1048576"
    "memorysetup-temp-allocator-size-main=16777216"
    "memorysetup-job-temp-allocator-block-size=2097152"
    "memorysetup-job-temp-allocator-block-size-background=1048576"
    "memorysetup-job-temp-allocator-reduction-small-platforms=262144"
    "memorysetup-temp-allocator-size-background-worker=32768"
    "memorysetup-temp-allocator-size-job-worker=262144"
    "memorysetup-temp-allocator-size-preload-manager=33554432"
    "memorysetup-temp-allocator-size-nav-mesh-worker=65536"
    "memorysetup-temp-allocator-size-audio-worker=65536"
    "memorysetup-temp-allocator-size-cloud-worker=32768"
    "memorysetup-temp-allocator-size-gi-baking-worker=262144"
    "memorysetup-temp-allocator-size-gfx=262144"
Refreshing native plugins compatible for Editor in 110.67 ms, found 4 plugins.
Preloading 0 native plugins for Editor in 0.00 ms.
Initialize engine version: 2021.2.8f1 (d0e5f0a7b06a)
[Subsystems] Discovering subsystems at path C:/Program Files/Unity/Editors/2021.2.8f1/Editor/Data/Resources/UnitySubsystems
[Subsystems] Discovering subsystems at path E:/Uni Work/Level6/CT6008/Assignment/Team Tash/Metroidvania-style-RPG/CT6008/Assets
GfxDevice: creating device client; threaded=0; jobified=0
Direct3D:
    Version:  Direct3D 11.0 [level 11.1]
    Renderer: NVIDIA GeForce RTX 3060 (ID=0x2503)
    Vendor:   NVIDIA
    VRAM:     12142 MB
    Driver:   30.0.15.1123
Initialize mono
Mono path[0] = 'C:/Program Files/Unity/Editors/2021.2.8f1/Editor/Data/Managed'
Mono path[1] = 'C:/Program Files/Unity/Editors/2021.2.8f1/Editor/Data/MonoBleedingEdge/lib/mono/unityjit-win32'
Mono config path = 'C:/Program Files/Unity/Editors/2021.2.8f1/Editor/Data/MonoBleedingEdge/etc'
Using monoOptions --debugger-agent=transport=dt_socket,embedding=1,server=y,suspend=n,address=127.0.0.1:56240
Begin MonoManager ReloadAssembly
Registering precompiled unity dll's ...
Register platform support module: C:/Program Files/Unity/Editors/2021.2.8f1/Editor/Data/PlaybackEngines/WindowsStandaloneSupport/UnityEditor.WindowsStandalone.Extensions.dll
Registered in 0.009595 seconds.
Native extension for WindowsStandalone target not found
Refreshing native plugins compatible for Editor in 106.73 ms, found 4 plugins.
Preloading 0 native plugins for Editor in 0.00 ms.
Mono: successfully reloaded assembly
- Completed reload, in  0.791 seconds
Domain Reload Profiling:
	ReloadAssembly (791ms)
		BeginReloadAssembly (108ms)
			ExecutionOrderSort (0ms)
			DisableScriptedObjects (0ms)
			BackupInstance (0ms)
			ReleaseScriptingObjects (0ms)
			CreateAndSetChildDomain (1ms)
		EndReloadAssembly (572ms)
			LoadAssemblies (103ms)
			RebuildTransferFunctionScriptingTraits (0ms)
			SetupTypeCache (122ms)
			ReleaseScriptCaches (0ms)
			RebuildScriptCaches (30ms)
			SetupLoadedEditorAssemblies (357ms)
				LogAssemblyErrors (0ms)
				InitializePlatformSupportModulesInManaged (21ms)
				SetLoadedEditorAssemblies (0ms)
				RefreshPlugins (107ms)
				BeforeProcessingInitializeOnLoad (1ms)
				ProcessInitializeOnLoadAttributes (175ms)
				ProcessInitializeOnLoadMethodAttributes (53ms)
				AfterProcessingInitializeOnLoad (0ms)
				EditorAssembliesLoaded (0ms)
			ExecutionOrderSort2 (0ms)
			AwakeInstancesAfterBackupRestoration (0ms)
Platform modules already initialized, skipping
Registering precompiled user dll's ...
Registered in 0.009616 seconds.
Begin MonoManager ReloadAssembly
Symbol file LoadedFromMemory doesn't match image E:\Uni Work\Level6\CT6008\Assignment\Team Tash\Metroidvania-style-RPG\CT6008\Library\PackageCache\com.unity.visualscripting@1.7.6\Editor\VisualScripting.Core\Dependencies\YamlDotNet\Unity.VisualScripting.YamlDotNet.dll
Symbol file LoadedFromMemory doesn't match image E:\Uni Work\Level6\CT6008\Assignment\Team Tash\Metroidvania-style-RPG\CT6008\Library\PackageCache\com.unity.visualscripting@1.7.6\Editor\VisualScripting.Core\Dependencies\DotNetZip\Unity.VisualScripting.IonicZip.dll
Native extension for WindowsStandalone target not found
Refreshing native plugins compatible for Editor in 105.63 ms, found 4 plugins.
Preloading 0 native plugins for Editor in 0.00 ms.
Mono: successfully reloaded assembly
- Completed reload, in  2.007 seconds
Domain Reload Profiling:
	ReloadAssembly (2008ms)
		BeginReloadAssembly (136ms)
			ExecutionOrderSort (0ms)
			DisableScriptedObjects (7ms)
			BackupInstance (0ms)
			ReleaseScriptingObjects (0ms)
			CreateAndSetChildDomain (25ms)
		EndReloadAssembly (1751ms)
			LoadAssemblies (122ms)
			RebuildTransferFunctionScriptingTraits (0ms)
			SetupTypeCache (292ms)
			ReleaseScriptCaches (1ms)
			RebuildScriptCaches (66ms)
			SetupLoadedEditorAssemblies (1217ms)
				LogAssemblyErrors (0ms)
				InitializePlatformSupportModulesInManaged (16ms)
				SetLoadedEditorAssemblies (0ms)
				RefreshPlugins (106ms)
				BeforeProcessingInitializeOnLoad (109ms)
				ProcessInitializeOnLoadAttributes (932ms)
				ProcessInitializeOnLoadMethodAttributes (41ms)
				AfterProcessingInitializeOnLoad (13ms)
				EditorAssembliesLoaded (0ms)
			ExecutionOrderSort2 (0ms)
			AwakeInstancesAfterBackupRestoration (7ms)
Platform modules already initialized, skipping
========================================================================
Worker process is ready to serve import requests
Launched and connected shader compiler UnityShaderCompiler.exe after 0.09 seconds
Refreshing native plugins compatible for Editor in 1.31 ms, found 4 plugins.
Preloading 0 native plugins for Editor in 0.00 ms.
Unloading 3904 Unused Serialized files (Serialized files now loaded: 0)
Unloading 42 unused Assets / (200.3 KB). Loaded Objects now: 4354.
Memory consumption went from 148.1 MB to 147.9 MB.
Total: 4.952200 ms (FindLiveObjects: 0.453700 ms CreateObjectMapping: 0.102700 ms MarkObjects: 4.190000 ms  DeleteObjects: 0.204200 ms)

AssetImportParameters requested are different than current active one (requested -> active):
  custom:video-decoder-ogg-theora: a1e56fd34408186e4bbccfd4996cb3dc -> 
  custom:container-muxer-webm: aa71ff27fc2769a1b78a27578f13a17b -> 
  custom:container-demuxer-webm: 4f35f7cbe854078d1ac9338744f61a02 -> 
  custom:video-encoder-webm-vp8: eb34c28f22e8b96e1ab97ce403110664 -> 
  custom:audio-encoder-webm-vorbis: bf7c407c2cedff20999df2af8eb42d56 -> 
  custom:framework-win-MediaFoundation: 216162199b28c13a410421893ffa2e32 -> 
  custom:container-demuxer-ogg: 62fdf1f143b41e24485cea50d1cbac27 -> 
  custom:video-decoder-webm-vp8: 9c59270c3fd7afecdb556c50c9e8de78 -> 
  custom:audio-decoder-ogg-vorbis: bf7c407c2cedff20999df2af8eb42d56 -> 
========================================================================
Received Import Request.
  Time since last request: 104098.571611 seconds.
  path: Assets/Sprites/MISC/Placeholders/Environments
  artifactKey: Guid(8a7b2a4e35039fe45ba0b6202a21f419) Importer(815301076,1909f56bfc062723c751e8b465ee728b)
Start importing Assets/Sprites/MISC/Placeholders/Environments using Guid(8a7b2a4e35039fe45ba0b6202a21f419) Importer(815301076,1909f56bfc062723c751e8b465ee728b)  -> (artifact id: '5c4f35d1e89817044f83474f684a4d70') in 0.015368 seconds 
========================================================================
Received Import Request.
  Time since last request: 19.749847 seconds.
  path: Assets/Sprites/MISC/Placeholders/Animations
  artifactKey: Guid(b945a3a984a4835448de091fdba80a7e) Importer(815301076,1909f56bfc062723c751e8b465ee728b)
Start importing Assets/Sprites/MISC/Placeholders/Animations using Guid(b945a3a984a4835448de091fdba80a7e) Importer(815301076,1909f56bfc062723c751e8b465ee728b)  -> (artifact id: 'f2a6a677eebe443d399e3a9a32e959a9') in 0.009954 seconds 
========================================================================
Received Import Request.
  Time since last request: 10.219418 seconds.
  path: Assets/Sprites/MISC/Placeholders/Animations/pla
  artifactKey: Guid(e0f6b81c3675e674599411038f4ad70e) Importer(815301076,1909f56bfc062723c751e8b465ee728b)
Start importing Assets/Sprites/MISC/Placeholders/Animations/pla using Guid(e0f6b81c3675e674599411038f4ad70e) Importer(815301076,1909f56bfc062723c751e8b465ee728b)  -> (artifact id: '85de3937178a681f9e3fd310013ccd57') in 0.009199 seconds 
========================================================================
Received Import Request.
  Time since last request: 63.744337 seconds.
  path: Assets/Sprites/MISC/Placeholders/PSD
  artifactKey: Guid(300b49ad8bb299043a503b1302c23c1b) Importer(815301076,1909f56bfc062723c751e8b465ee728b)
Start importing Assets/Sprites/MISC/Placeholders/PSD using Guid(300b49ad8bb299043a503b1302c23c1b) Importer(815301076,1909f56bfc062723c751e8b465ee728b)  -> (artifact id: '3daff29fb58d5e7733a0b5c8918d3208') in 0.007468 seconds 
========================================================================
Received Import Request.
  Time since last request: 0.022779 seconds.
  path: Assets/Sprites/MISC/Placeholders/PSD/background.png
  artifactKey: Guid(f99c98beb98e2b54eb6efd5bc66ec212) Importer(815301076,1909f56bfc062723c751e8b465ee728b)
Start importing Assets/Sprites/MISC/Placeholders/PSD/background.png using Guid(f99c98beb98e2b54eb6efd5bc66ec212) Importer(815301076,1909f56bfc062723c751e8b465ee728b)  -> (artifact id: '19aecaa05e3adbe2d0ed1a42ab0d7e26') in 0.242810 seconds 
========================================================================
Received Import Request.
  Time since last request: 0.000041 seconds.
  path: Assets/Sprites/MISC/Placeholders/PSD/lighting test.psd
  artifactKey: Guid(611ecb010df38594c87eee258d161d65) Importer(815301076,1909f56bfc062723c751e8b465ee728b)
Start importing Assets/Sprites/MISC/Placeholders/PSD/lighting test.psd using Guid(611ecb010df38594c87eee258d161d65) Importer(815301076,1909f56bfc062723c751e8b465ee728b)  -> (artifact id: '72ee6bcced857d072b5cbb0a425b57fe') in 0.071782 seconds 
========================================================================
Received Import Request.
  Time since last request: 1.573904 seconds.
  path: Assets/Sprites/MISC/Placeholders/PSD/Demon stuff
  artifactKey: Guid(cec6216a134688d4387145f767fb234e) Importer(815301076,1909f56bfc062723c751e8b465ee728b)
Start importing Assets/Sprites/MISC/Placeholders/PSD/Demon stuff using Guid(cec6216a134688d4387145f767fb234e) Importer(815301076,1909f56bfc062723c751e8b465ee728b)  -> (artifact id: '5cca7f4addbf0220de79f03210a92de3') in 0.008755 seconds 
========================================================================
Received Import Request.
  Time since last request: 0.056881 seconds.
  path: Assets/Sprites/MISC/Placeholders/PSD/Demon stuff/Demon Lord Orb Broken.png
  artifactKey: Guid(22a19c7cbb432d541a6cf36ac2cbb629) Importer(815301076,1909f56bfc062723c751e8b465ee728b)
Start importing Assets/Sprites/MISC/Placeholders/PSD/Demon stuff/Demon Lord Orb Broken.png using Guid(22a19c7cbb432d541a6cf36ac2cbb629) Importer(815301076,1909f56bfc062723c751e8b465ee728b)  -> (artifact id: '17abf6c7b2c94b0d359b95f93b2d4dc3') in 0.017358 seconds 
========================================================================
Received Import Request.
  Time since last request: 0.000028 seconds.
  path: Assets/Sprites/MISC/Placeholders/PSD/Demon stuff/Demon Lord Orb.psd
  artifactKey: Guid(cc91cc6a5ae69894ea7124101b0b7f25) Importer(815301076,1909f56bfc062723c751e8b465ee728b)
Start importing Assets/Sprites/MISC/Placeholders/PSD/Demon stuff/Demon Lord Orb.psd using Guid(cc91cc6a5ae69894ea7124101b0b7f25) Importer(815301076,1909f56bfc062723c751e8b465ee728b)  -> (artifact id: '34fbc366ea9b89277ff794df3fd1dabb') in 0.021526 seconds 
========================================================================
Received Import Request.
  Time since last request: 4.305254 seconds.
  path: Assets/Sprites/MISC/Placeholders/PSD/Grass stuff/dirt.png
  artifactKey: Guid(5a78161f65c207649a56a0f5c1686f7e) Importer(815301076,1909f56bfc062723c751e8b465ee728b)
Start importing Assets/Sprites/MISC/Placeholders/PSD/Grass stuff/dirt.png using Guid(5a78161f65c207649a56a0f5c1686f7e) Importer(815301076,1909f56bfc062723c751e8b465ee728b)  -> (artifact id: '6015217a76b93ba9738c8df217754e47') in 0.020565 seconds 
========================================================================
Received Import Request.
  Time since last request: 0.000038 seconds.
  path: Assets/Sprites/MISC/Placeholders/PSD/Grass stuff/grass dirt 4by4.psd
  artifactKey: Guid(f1e8c2036afc44040acf3cc1c30e899d) Importer(815301076,1909f56bfc062723c751e8b465ee728b)
Start importing Assets/Sprites/MISC/Placeholders/PSD/Grass stuff/grass dirt 4by4.psd using Guid(f1e8c2036afc44040acf3cc1c30e899d) Importer(815301076,1909f56bfc062723c751e8b465ee728b)  -> (artifact id: '3a3874f7dadde553497749e49002b40a') in 0.035726 seconds 
========================================================================
Received Import Request.
  Time since last request: 0.000033 seconds.
  path: Assets/Sprites/MISC/Placeholders/PSD/Grass stuff/grass corner left.png
  artifactKey: Guid(b8b3fe2871d00e047a6f03ffc14d66c5) Importer(815301076,1909f56bfc062723c751e8b465ee728b)
Start importing Assets/Sprites/MISC/Placeholders/PSD/Grass stuff/grass corner left.png using Guid(b8b3fe2871d00e047a6f03ffc14d66c5) Importer(815301076,1909f56bfc062723c751e8b465ee728b)  -> (artifact id: '0aba43afe2869f5e1cb35ca63e4df136') in 0.029538 seconds 
========================================================================
Received Import Request.
  Time since last request: 0.000035 seconds.
  path: Assets/Sprites/MISC/Placeholders/PSD/Grass stuff/grass corner left.psd
  artifactKey: Guid(818a2dad154ed4544a1a4ec3b274881b) Importer(815301076,1909f56bfc062723c751e8b465ee728b)
Start importing Assets/Sprites/MISC/Placeholders/PSD/Grass stuff/grass corner left.psd using Guid(818a2dad154ed4544a1a4ec3b274881b) Importer(815301076,1909f56bfc062723c751e8b465ee728b)  -> (artifact id: '209623ccc0c1e66ec5278ebb197dd6e4') in 0.018498 seconds 
========================================================================
Received Import Request.
  Time since last request: 0.000052 seconds.
  path: Assets/Sprites/MISC/Placeholders/PSD/Grass stuff/grass corner.psd
  artifactKey: Guid(08167382c2002704dbcb1d0f6817319c) Importer(815301076,1909f56bfc062723c751e8b465ee728b)
Start importing Assets/Sprites/MISC/Placeholders/PSD/Grass stuff/grass corner.psd using Guid(08167382c2002704dbcb1d0f6817319c) Importer(815301076,1909f56bfc062723c751e8b465ee728b)  -> (artifact id: '8473d3159d36f59f9ef40abb95c979ba') in 0.022018 seconds 
========================================================================
Received Import Request.
  Time since last request: 5.379740 seconds.
  path: Assets/Sprites/MISC/Placeholders/PSD/Grey rock/3 spikes.psd
  artifactKey: Guid(2936d9e17fe937a47a49173b6d850462) Importer(815301076,1909f56bfc062723c751e8b465ee728b)
Start importing Assets/Sprites/MISC/Placeholders/PSD/Grey rock/3 spikes.psd using Guid(2936d9e17fe937a47a49173b6d850462) Importer(815301076,1909f56bfc062723c751e8b465ee728b)  -> (artifact id: '646bd310a97f16791aafe008055f8dfe') in 0.027491 seconds 
========================================================================
Received Import Request.
  Time since last request: 0.000044 seconds.
  path: Assets/Sprites/MISC/Placeholders/PSD/Grey rock/arrow.png
  artifactKey: Guid(ca8d101569d869b4e9b62470c9e18f3a) Importer(815301076,1909f56bfc062723c751e8b465ee728b)
Start importing Assets/Sprites/MISC/Placeholders/PSD/Grey rock/arrow.png using Guid(ca8d101569d869b4e9b62470c9e18f3a) Importer(815301076,1909f56bfc062723c751e8b465ee728b)  -> (artifact id: 'e8415711050a6bd5a8bad0e88d0eef1a') in 0.024023 seconds 
========================================================================
Received Import Request.
  Time since last request: 0.000043 seconds.
  path: Assets/Sprites/MISC/Placeholders/PSD/Grey rock/GreenPlatform.psd
  artifactKey: Guid(50a323ee47398354fad302c9e68b3b63) Importer(815301076,1909f56bfc062723c751e8b465ee728b)
Start importing Assets/Sprites/MISC/Placeholders/PSD/Grey rock/GreenPlatform.psd using Guid(50a323ee47398354fad302c9e68b3b63) Importer(815301076,1909f56bfc062723c751e8b465ee728b)  -> (artifact id: 'f3e3e23de2e290ab3076a622cc20e475') in 0.020170 seconds 
========================================================================
Received Import Request.
  Time since last request: 0.000037 seconds.
  path: Assets/Sprites/MISC/Placeholders/PSD/Grey rock/Bolder.psd
  artifactKey: Guid(0f47498d9996b8a4e91757457a7d37bc) Importer(815301076,1909f56bfc062723c751e8b465ee728b)
Start importing Assets/Sprites/MISC/Placeholders/PSD/Grey rock/Bolder.psd using Guid(0f47498d9996b8a4e91757457a7d37bc) Importer(815301076,1909f56bfc062723c751e8b465ee728b)  -> (artifact id: '02ed43f7b62cc453f7a901c5a6e7d7a1') in 0.036868 seconds 
========================================================================
Received Import Request.
  Time since last request: 0.000035 seconds.
  path: Assets/Sprites/MISC/Placeholders/PSD/Grey rock/invis block.psd
  artifactKey: Guid(14a8422c542e56143b95c4a0c2022f2e) Importer(815301076,1909f56bfc062723c751e8b465ee728b)
Start importing Assets/Sprites/MISC/Placeholders/PSD/Grey rock/invis block.psd using Guid(14a8422c542e56143b95c4a0c2022f2e) Importer(815301076,1909f56bfc062723c751e8b465ee728b)  -> (artifact id: '33ecf19d0bea6774a80158e6755ca656') in 0.031885 seconds 
========================================================================
Received Import Request.
  Time since last request: 0.000034 seconds.
  path: Assets/Sprites/MISC/Placeholders/PSD/Grey rock/arrow.psd
  artifactKey: Guid(59744a4b600fecb44bb6e4b967eeb3a4) Importer(815301076,1909f56bfc062723c751e8b465ee728b)
Start importing Assets/Sprites/MISC/Placeholders/PSD/Grey rock/arrow.psd using Guid(59744a4b600fecb44bb6e4b967eeb3a4) Importer(815301076,1909f56bfc062723c751e8b465ee728b)  -> (artifact id: '9baa16e0e9d4163b59cb18db0b5b0120') in 0.022231 seconds 
========================================================================
Received Import Request.
  Time since last request: 0.000053 seconds.
  path: Assets/Sprites/MISC/Placeholders/PSD/Grey rock/spring board small.psd
  artifactKey: Guid(3cea8ce05fddf5c46bf75d7295ea5d8e) Importer(815301076,1909f56bfc062723c751e8b465ee728b)
Start importing Assets/Sprites/MISC/Placeholders/PSD/Grey rock/spring board small.psd using Guid(3cea8ce05fddf5c46bf75d7295ea5d8e) Importer(815301076,1909f56bfc062723c751e8b465ee728b)  -> (artifact id: '033847e7fe9ac6d03413ec2c8f46e8ef') in 0.037654 seconds 
========================================================================
Received Import Request.
  Time since last request: 0.000035 seconds.
  path: Assets/Sprites/MISC/Placeholders/PSD/Grey rock/Bolder.png
  artifactKey: Guid(b414fba052727e143accb5b4152b5ddf) Importer(815301076,1909f56bfc062723c751e8b465ee728b)
Start importing Assets/Sprites/MISC/Placeholders/PSD/Grey rock/Bolder.png using Guid(b414fba052727e143accb5b4152b5ddf) Importer(815301076,1909f56bfc062723c751e8b465ee728b)  -> (artifact id: '897127fd42874224a40c423645fd810e') in 0.030163 seconds 
========================================================================
Received Import Request.
  Time since last request: 0.000047 seconds.
  path: Assets/Sprites/MISC/Placeholders/PSD/Grey rock/spike upside down.psd
  artifactKey: Guid(a066b49f4295b614782f075ff84706e8) Importer(815301076,1909f56bfc062723c751e8b465ee728b)
Start importing Assets/Sprites/MISC/Placeholders/PSD/Grey rock/spike upside down.psd using Guid(a066b49f4295b614782f075ff84706e8) Importer(815301076,1909f56bfc062723c751e8b465ee728b)  -> (artifact id: '35a30c38034b5216f9bb91402ba705ac') in 0.032802 seconds 
========================================================================
Received Import Request.
  Time since last request: 0.000040 seconds.
  path: Assets/Sprites/MISC/Placeholders/PSD/Grey rock/button dperessed.psd
  artifactKey: Guid(994fac302619339409312f5bdc498a46) Importer(815301076,1909f56bfc062723c751e8b465ee728b)
Start importing Assets/Sprites/MISC/Placeholders/PSD/Grey rock/button dperessed.psd using Guid(994fac302619339409312f5bdc498a46) Importer(815301076,1909f56bfc062723c751e8b465ee728b)  -> (artifact id: 'd31b2943237605089863ce32e7d69fe2') in 0.035026 seconds 
========================================================================
Received Import Request.
  Time since last request: 0.000038 seconds.
  path: Assets/Sprites/MISC/Placeholders/PSD/Grey rock/spring board.psd
  artifactKey: Guid(cbc14231a4d3db143a7fe47d4ae48020) Importer(815301076,1909f56bfc062723c751e8b465ee728b)
Start importing Assets/Sprites/MISC/Placeholders/PSD/Grey rock/spring board.psd using Guid(cbc14231a4d3db143a7fe47d4ae48020) Importer(815301076,1909f56bfc062723c751e8b465ee728b)  -> (artifact id: '820e0a7c52327f8210fce9fa3c813260') in 0.018830 seconds 
========================================================================
Received Import Request.
  Time since last request: 0.000039 seconds.
  path: Assets/Sprites/MISC/Placeholders/PSD/Grey rock/1024 horizontal.png
  artifactKey: Guid(7d7f9d2cd3d8b5e43afc1ca339aa3e74) Importer(815301076,1909f56bfc062723c751e8b465ee728b)
Start importing Assets/Sprites/MISC/Placeholders/PSD/Grey rock/1024 horizontal.png using Guid(7d7f9d2cd3d8b5e43afc1ca339aa3e74) Importer(815301076,1909f56bfc062723c751e8b465ee728b)  -> (artifact id: '15d0d83be4870ff395b15326094cabec') in 0.041756 seconds 
========================================================================
Received Import Request.
  Time since last request: 0.000044 seconds.
  path: Assets/Sprites/MISC/Placeholders/PSD/Grey rock/mini background stone.png
  artifactKey: Guid(2ce9c189164ce0c4299f734b48c14328) Importer(815301076,1909f56bfc062723c751e8b465ee728b)
Start importing Assets/Sprites/MISC/Placeholders/PSD/Grey rock/mini background stone.png using Guid(2ce9c189164ce0c4299f734b48c14328) Importer(815301076,1909f56bfc062723c751e8b465ee728b)  -> (artifact id: '954b9faefc99e3651f77a2721f46ab54') in 0.097461 seconds 
========================================================================
Received Import Request.
  Time since last request: 0.000047 seconds.
  path: Assets/Sprites/MISC/Placeholders/PSD/Grey rock/1024 horizontal.psd
  artifactKey: Guid(daf7902a76dcb1d4d9de8c6fdfcc5b97) Importer(815301076,1909f56bfc062723c751e8b465ee728b)
Start importing Assets/Sprites/MISC/Placeholders/PSD/Grey rock/1024 horizontal.psd using Guid(daf7902a76dcb1d4d9de8c6fdfcc5b97) Importer(815301076,1909f56bfc062723c751e8b465ee728b)  -> (artifact id: '248f9b5011f0c0d3687a80163554bcd6') in 0.013837 seconds 
========================================================================
Received Import Request.
  Time since last request: 0.000044 seconds.
  path: Assets/Sprites/MISC/Placeholders/PSD/Grey rock/chandelier.png
  artifactKey: Guid(7f4a7cbe537ec1444a146f14f69710fc) Importer(815301076,1909f56bfc062723c751e8b465ee728b)
Start importing Assets/Sprites/MISC/Placeholders/PSD/Grey rock/chandelier.png using Guid(7f4a7cbe537ec1444a146f14f69710fc) Importer(815301076,1909f56bfc062723c751e8b465ee728b)  -> (artifact id: 'd4451ef695df758eefe86c32e1ac4115') in 0.018152 seconds 
========================================================================
Received Import Request.
  Time since last request: 0.000031 seconds.
  path: Assets/Sprites/MISC/Placeholders/PSD/Grey rock/pusherblock.psd
  artifactKey: Guid(c66113360e2d81e4397369c5de9ad82c) Importer(815301076,1909f56bfc062723c751e8b465ee728b)
Start importing Assets/Sprites/MISC/Placeholders/PSD/Grey rock/pusherblock.psd using Guid(c66113360e2d81e4397369c5de9ad82c) Importer(815301076,1909f56bfc062723c751e8b465ee728b)  -> (artifact id: 'e9a768388e2b2daf5afa155204aa7d8d') in 0.015964 seconds 
========================================================================
Received Import Request.
  Time since last request: 0.000041 seconds.
  path: Assets/Sprites/MISC/Placeholders/PSD/Grey rock/16 x 16 horizontal.png
  artifactKey: Guid(5e88bea5b6665f04c9ba57d69a68350f) Importer(815301076,1909f56bfc062723c751e8b465ee728b)
Start importing Assets/Sprites/MISC/Placeholders/PSD/Grey rock/16 x 16 horizontal.png using Guid(5e88bea5b6665f04c9ba57d69a68350f) Importer(815301076,1909f56bfc062723c751e8b465ee728b)  -> (artifact id: 'fc1e1b78794240b2921d5257d6e159ff') in 0.018793 seconds 
========================================================================
Received Import Request.
  Time since last request: 0.000031 seconds.
  path: Assets/Sprites/MISC/Placeholders/PSD/Grey rock/64 horizontal.psd
  artifactKey: Guid(7f941f6d65fa2b347a50b702c2dbf6b4) Importer(815301076,1909f56bfc062723c751e8b465ee728b)
Start importing Assets/Sprites/MISC/Placeholders/PSD/Grey rock/64 horizontal.psd using Guid(7f941f6d65fa2b347a50b702c2dbf6b4) Importer(815301076,1909f56bfc062723c751e8b465ee728b)  -> (artifact id: '0f5751dbfac854023b0eca3bb3c7490e') in 0.013315 seconds 
========================================================================
Received Import Request.
  Time since last request: 0.000034 seconds.
  path: Assets/Sprites/MISC/Placeholders/PSD/Grey rock/16 x 16 horizontal large.psd
  artifactKey: Guid(f9bad3cb9173b184f87293258a915672) Importer(815301076,1909f56bfc062723c751e8b465ee728b)
Start importing Assets/Sprites/MISC/Placeholders/PSD/Grey rock/16 x 16 horizontal large.psd using Guid(f9bad3cb9173b184f87293258a915672) Importer(815301076,1909f56bfc062723c751e8b465ee728b)  -> (artifact id: '1458bb2f7705b569f135d95b7ea9d21b') in 0.070584 seconds 
========================================================================
Received Import Request.
  Time since last request: 0.000033 seconds.
  path: Assets/Sprites/MISC/Placeholders/PSD/Grey rock/rais platform.png
  artifactKey: Guid(8868d6e8574974b45912fd6000211c33) Importer(815301076,1909f56bfc062723c751e8b465ee728b)
Start importing Assets/Sprites/MISC/Placeholders/PSD/Grey rock/rais platform.png using Guid(8868d6e8574974b45912fd6000211c33) Importer(815301076,1909f56bfc062723c751e8b465ee728b)  -> (artifact id: 'ddd0d5a19fb15679cc444ff6c0365e9a') in 0.023179 seconds 
========================================================================
Received Import Request.
  Time since last request: 0.000039 seconds.
  path: Assets/Sprites/MISC/Placeholders/PSD/Grey rock/spike.png
  artifactKey: Guid(524f4f0064f6cbb41a8c6f728fe7c9a4) Importer(815301076,1909f56bfc062723c751e8b465ee728b)
Start importing Assets/Sprites/MISC/Placeholders/PSD/Grey rock/spike.png using Guid(524f4f0064f6cbb41a8c6f728fe7c9a4) Importer(815301076,1909f56bfc062723c751e8b465ee728b)  -> (artifact id: '100227db3ec3903dffed30e268d948ae') in 0.014229 seconds 
========================================================================
Received Import Request.
  Time since last request: 1.437351 seconds.
  path: Assets/Sprites/MISC/Placeholders/PSD/Grey rock/Stone Lever on.psd
  artifactKey: Guid(0a0a911ed8514f447b69f5442f4c7d42) Importer(815301076,1909f56bfc062723c751e8b465ee728b)
Start importing Assets/Sprites/MISC/Placeholders/PSD/Grey rock/Stone Lever on.psd using Guid(0a0a911ed8514f447b69f5442f4c7d42) Importer(815301076,1909f56bfc062723c751e8b465ee728b)  -> (artifact id: '5cb47c8c9df3623160165c3f14b3496a') in 0.019987 seconds 
========================================================================
Received Import Request.
  Time since last request: 0.000037 seconds.
  path: Assets/Sprites/MISC/Placeholders/PSD/Grey rock/Stone Sign.psd
  artifactKey: Guid(7c77c74285fc72c43a3ba38e5c430c16) Importer(815301076,1909f56bfc062723c751e8b465ee728b)
Start importing Assets/Sprites/MISC/Placeholders/PSD/Grey rock/Stone Sign.psd using Guid(7c77c74285fc72c43a3ba38e5c430c16) Importer(815301076,1909f56bfc062723c751e8b465ee728b)  -> (artifact id: '13dc0de0a095b6d8918bcfb783c80f42') in 0.023462 seconds 
========================================================================
Received Import Request.
  Time since last request: 0.000053 seconds.
  path: Assets/Sprites/MISC/Placeholders/PSD/Grey rock/stone stairs.png
  artifactKey: Guid(d3786f97e1f288f46943b31cfc989647) Importer(815301076,1909f56bfc062723c751e8b465ee728b)
Start importing Assets/Sprites/MISC/Placeholders/PSD/Grey rock/stone stairs.png using Guid(d3786f97e1f288f46943b31cfc989647) Importer(815301076,1909f56bfc062723c751e8b465ee728b)  -> (artifact id: '8772b5eec90469cb1c240166bba4fe93') in 0.020146 seconds 
========================================================================
Received Import Request.
  Time since last request: 0.000043 seconds.
  path: Assets/Sprites/MISC/Placeholders/PSD/Grey rock/Vertical.psd
  artifactKey: Guid(0625f70c0cfd88340a07517869967d1e) Importer(815301076,1909f56bfc062723c751e8b465ee728b)
Start importing Assets/Sprites/MISC/Placeholders/PSD/Grey rock/Vertical.psd using Guid(0625f70c0cfd88340a07517869967d1e) Importer(815301076,1909f56bfc062723c751e8b465ee728b)  -> (artifact id: '727b73e4304190ce07b38bfaf7024b50') in 0.022930 seconds 
========================================================================
Received Import Request.
  Time since last request: 0.000044 seconds.
  path: Assets/Sprites/MISC/Placeholders/PSD/Grey rock/Stone Sign.png
  artifactKey: Guid(761ff0b46f4730640af73e981170b151) Importer(815301076,1909f56bfc062723c751e8b465ee728b)
Start importing Assets/Sprites/MISC/Placeholders/PSD/Grey rock/Stone Sign.png using Guid(761ff0b46f4730640af73e981170b151) Importer(815301076,1909f56bfc062723c751e8b465ee728b)  -> (artifact id: 'eca7be3e42a09231c2cad2937cba5e1b') in 0.015353 seconds 
========================================================================
Received Import Request.
  Time since last request: 0.000047 seconds.
  path: Assets/Sprites/MISC/Placeholders/PSD/Grey rock/Vertical.png
  artifactKey: Guid(0744c946bdd1126429e2031199e27077) Importer(815301076,1909f56bfc062723c751e8b465ee728b)
Start importing Assets/Sprites/MISC/Placeholders/PSD/Grey rock/Vertical.png using Guid(0744c946bdd1126429e2031199e27077) Importer(815301076,1909f56bfc062723c751e8b465ee728b)  -> (artifact id: '630d08a3910f8daf248929e0b1fe7493') in 0.016486 seconds 
========================================================================
Received Import Request.
  Time since last request: 22.646230 seconds.
  path: Assets/Sprites/MISC/Placeholders/PSD/Player stuff/coin.psd
  artifactKey: Guid(f59609c71f1e7f6488a7fc2e3c33df5a) Importer(815301076,1909f56bfc062723c751e8b465ee728b)
Start importing Assets/Sprites/MISC/Placeholders/PSD/Player stuff/coin.psd using Guid(f59609c71f1e7f6488a7fc2e3c33df5a) Importer(815301076,1909f56bfc062723c751e8b465ee728b)  -> (artifact id: 'fdb667cea7d6c1cc5c51fef13dfd2903') in 0.024157 seconds 
========================================================================
Received Import Request.
  Time since last request: 0.000027 seconds.
  path: Assets/Sprites/MISC/Placeholders/PSD/Player stuff/quater heart.png
  artifactKey: Guid(79530ef03b461c841818a22cddaf224a) Importer(815301076,1909f56bfc062723c751e8b465ee728b)
Start importing Assets/Sprites/MISC/Placeholders/PSD/Player stuff/quater heart.png using Guid(79530ef03b461c841818a22cddaf224a) Importer(815301076,1909f56bfc062723c751e8b465ee728b)  -> (artifact id: '5c5ffbfa930a3847c730bd781dc52f4d') in 0.074245 seconds 
========================================================================
Received Import Request.
  Time since last request: 0.000025 seconds.
  path: Assets/Sprites/MISC/Placeholders/PSD/Player stuff/leftRight.psd
  artifactKey: Guid(e54b85409410e9b489e9b37d33910b42) Importer(815301076,1909f56bfc062723c751e8b465ee728b)
Start importing Assets/Sprites/MISC/Placeholders/PSD/Player stuff/leftRight.psd using Guid(e54b85409410e9b489e9b37d33910b42) Importer(815301076,1909f56bfc062723c751e8b465ee728b)  -> (artifact id: '2077379b0acc3cb144bab9ea0843fc60') in 0.038902 seconds 
========================================================================
Received Import Request.
  Time since last request: 0.000025 seconds.
  path: Assets/Sprites/MISC/Placeholders/PSD/Player stuff/Large menu.png
  artifactKey: Guid(1495ff6b51649cc4d994228653547188) Importer(815301076,1909f56bfc062723c751e8b465ee728b)
Start importing Assets/Sprites/MISC/Placeholders/PSD/Player stuff/Large menu.png using Guid(1495ff6b51649cc4d994228653547188) Importer(815301076,1909f56bfc062723c751e8b465ee728b)  -> (artifact id: 'a9d08501b5bd54aefb9e217ef03666f5') in 0.181860 seconds 
========================================================================
Received Import Request.
  Time since last request: 0.000052 seconds.
  path: Assets/Sprites/MISC/Placeholders/PSD/Player stuff/Menu.png
  artifactKey: Guid(0edc1b99962168e4f9b4479980e34c2b) Importer(815301076,1909f56bfc062723c751e8b465ee728b)
Start importing Assets/Sprites/MISC/Placeholders/PSD/Player stuff/Menu.png using Guid(0edc1b99962168e4f9b4479980e34c2b) Importer(815301076,1909f56bfc062723c751e8b465ee728b)  -> (artifact id: '149b5916ee21c4fd8c42ffd734d38d95') in 0.067424 seconds 
========================================================================
Received Import Request.
  Time since last request: 0.000053 seconds.
  path: Assets/Sprites/MISC/Placeholders/PSD/Player stuff/Menu.psd
  artifactKey: Guid(3634cd494276d9144af84bf743cd0721) Importer(815301076,1909f56bfc062723c751e8b465ee728b)
Start importing Assets/Sprites/MISC/Placeholders/PSD/Player stuff/Menu.psd using Guid(3634cd494276d9144af84bf743cd0721) Importer(815301076,1909f56bfc062723c751e8b465ee728b)  -> (artifact id: '59a42af5e0f7cf5383a44aa0958b7f3a') in 0.048557 seconds 
========================================================================
Received Import Request.
  Time since last request: 0.000036 seconds.
  path: Assets/Sprites/MISC/Placeholders/PSD/Player stuff/player design 1.png
  artifactKey: Guid(daf6fd5fffd452a49b17a9a7ea5e5c57) Importer(815301076,1909f56bfc062723c751e8b465ee728b)
Start importing Assets/Sprites/MISC/Placeholders/PSD/Player stuff/player design 1.png using Guid(daf6fd5fffd452a49b17a9a7ea5e5c57) Importer(815301076,1909f56bfc062723c751e8b465ee728b)  -> (artifact id: '2666ee4f4579d7bf4e0e26a2cd8d39ee') in 0.029713 seconds 
========================================================================
Received Import Request.
  Time since last request: 0.000034 seconds.
  path: Assets/Sprites/MISC/Placeholders/PSD/Player stuff/jump.png
  artifactKey: Guid(ea30f32cec3fa3c4a83a49c7dfe1c937) Importer(815301076,1909f56bfc062723c751e8b465ee728b)
Start importing Assets/Sprites/MISC/Placeholders/PSD/Player stuff/jump.png using Guid(ea30f32cec3fa3c4a83a49c7dfe1c937) Importer(815301076,1909f56bfc062723c751e8b465ee728b)  -> (artifact id: '850fd9d97e68600cde4ec28e8cbbdd34') in 0.025255 seconds 
========================================================================
Received Import Request.
  Time since last request: 0.000055 seconds.
  path: Assets/Sprites/MISC/Placeholders/PSD/Player stuff/numbers.png
  artifactKey: Guid(b950d9f7674586b40b3715982e57b839) Importer(815301076,1909f56bfc062723c751e8b465ee728b)
Start importing Assets/Sprites/MISC/Placeholders/PSD/Player stuff/numbers.png using Guid(b950d9f7674586b40b3715982e57b839) Importer(815301076,1909f56bfc062723c751e8b465ee728b)  -> (artifact id: 'ec0302ca5c050b64e8a85955396a6bc7') in 0.034204 seconds 
========================================================================
Received Import Request.
  Time since last request: 0.000033 seconds.
  path: Assets/Sprites/MISC/Placeholders/PSD/Player stuff/jump.psd
  artifactKey: Guid(651e04fc4ccdc324f8eb869ab9bb9bb1) Importer(815301076,1909f56bfc062723c751e8b465ee728b)
Start importing Assets/Sprites/MISC/Placeholders/PSD/Player stuff/jump.psd using Guid(651e04fc4ccdc324f8eb869ab9bb9bb1) Importer(815301076,1909f56bfc062723c751e8b465ee728b)  -> (artifact id: 'a865b21d4bf8948ffcf9938c7314cf20') in 0.017950 seconds 
========================================================================
Received Import Request.
  Time since last request: 1.972557 seconds.
  path: Assets/Sprites/MISC/Placeholders/PSD/Player stuff/text segments/text 3.psd
  artifactKey: Guid(9b24bd82f25f4f24e9b03c1fc981e56a) Importer(815301076,1909f56bfc062723c751e8b465ee728b)
Start importing Assets/Sprites/MISC/Placeholders/PSD/Player stuff/text segments/text 3.psd using Guid(9b24bd82f25f4f24e9b03c1fc981e56a) Importer(815301076,1909f56bfc062723c751e8b465ee728b)  -> (artifact id: 'd16efb2b7b7aa7004e2ed7d57d3ff0ae') in 0.028574 seconds 
========================================================================
Received Import Request.
  Time since last request: 0.000042 seconds.
  path: Assets/Sprites/MISC/Placeholders/PSD/Player stuff/text segments/text one.png
  artifactKey: Guid(18d11ea7b7765e24d8324ff43c0cc552) Importer(815301076,1909f56bfc062723c751e8b465ee728b)
Start importing Assets/Sprites/MISC/Placeholders/PSD/Player stuff/text segments/text one.png using Guid(18d11ea7b7765e24d8324ff43c0cc552) Importer(815301076,1909f56bfc062723c751e8b465ee728b)  -> (artifact id: '7a468e5f4922ea50805184a828817a14') in 0.039438 seconds 
========================================================================
Received Import Request.
  Time since last request: 0.000046 seconds.
  path: Assets/Sprites/MISC/Placeholders/PSD/Player stuff/text segments/text one.psd
  artifactKey: Guid(52e9522ea1406c64fa8b3df1dc506691) Importer(815301076,1909f56bfc062723c751e8b465ee728b)
Start importing Assets/Sprites/MISC/Placeholders/PSD/Player stuff/text segments/text one.psd using Guid(52e9522ea1406c64fa8b3df1dc506691) Importer(815301076,1909f56bfc062723c751e8b465ee728b)  -> (artifact id: '7b7141c87d9d7db6457826d92f7042ef') in 0.032488 seconds 
========================================================================
Received Import Request.
  Time since last request: 5.370161 seconds.
  path: Assets/Sprites/MISC/Placeholders/PSD/Player stuff/UI/Bar horizontal.psd
  artifactKey: Guid(29e85dd3ca1c241448355afd4f47a822) Importer(815301076,1909f56bfc062723c751e8b465ee728b)
Start importing Assets/Sprites/MISC/Placeholders/PSD/Player stuff/UI/Bar horizontal.psd using Guid(29e85dd3ca1c241448355afd4f47a822) Importer(815301076,1909f56bfc062723c751e8b465ee728b)  -> (artifact id: '44959e6b603b713e24c4f5292d3bcedb') in 0.025390 seconds 
========================================================================
Received Import Request.
  Time since last request: 0.000046 seconds.
  path: Assets/Sprites/MISC/Placeholders/PSD/Player stuff/UI/vertical bar.psd
  artifactKey: Guid(4418d466c73e0f8419360902d487f300) Importer(815301076,1909f56bfc062723c751e8b465ee728b)
Start importing Assets/Sprites/MISC/Placeholders/PSD/Player stuff/UI/vertical bar.psd using Guid(4418d466c73e0f8419360902d487f300) Importer(815301076,1909f56bfc062723c751e8b465ee728b)  -> (artifact id: '3b6d38baf1755fdd82ddfe332fae9176') in 0.030606 seconds 
========================================================================
Received Import Request.
  Time since last request: 0.000028 seconds.
  path: Assets/Sprites/MISC/Placeholders/PSD/Player stuff/UI/Health Bar shot.png
  artifactKey: Guid(6bbfe3547c8a9be42883e9464f821096) Importer(815301076,1909f56bfc062723c751e8b465ee728b)
Start importing Assets/Sprites/MISC/Placeholders/PSD/Player stuff/UI/Health Bar shot.png using Guid(6bbfe3547c8a9be42883e9464f821096) Importer(815301076,1909f56bfc062723c751e8b465ee728b)  -> (artifact id: 'e24ac94e328935118cd5aa204fb672f0') in 0.038153 seconds 
========================================================================
Received Import Request.
  Time since last request: 0.000032 seconds.
  path: Assets/Sprites/MISC/Placeholders/PSD/Player stuff/UI/Health Bar full.psd
  artifactKey: Guid(11378322728c9cc48b792483eb47f4d9) Importer(815301076,1909f56bfc062723c751e8b465ee728b)
Start importing Assets/Sprites/MISC/Placeholders/PSD/Player stuff/UI/Health Bar full.psd using Guid(11378322728c9cc48b792483eb47f4d9) Importer(815301076,1909f56bfc062723c751e8b465ee728b)  -> (artifact id: '651b05da6fdc0ac9ba7252596e5c84d7') in 0.023051 seconds 
========================================================================
Received Import Request.
  Time since last request: 0.000046 seconds.
  path: Assets/Sprites/MISC/Placeholders/PSD/Player stuff/UI/heart.psd
  artifactKey: Guid(f4c982873c9e6b14b91a887bd8a6f377) Importer(815301076,1909f56bfc062723c751e8b465ee728b)
Start importing Assets/Sprites/MISC/Placeholders/PSD/Player stuff/UI/heart.psd using Guid(f4c982873c9e6b14b91a887bd8a6f377) Importer(815301076,1909f56bfc062723c751e8b465ee728b)  -> (artifact id: '82962992324ae26d79e189f00832efef') in 0.028428 seconds 
========================================================================
Received Import Request.
  Time since last request: 0.000051 seconds.
  path: Assets/Sprites/MISC/Placeholders/PSD/Player stuff/UI/heart.png
  artifactKey: Guid(9771c1520bc13c044a00f9b47738cd13) Importer(815301076,1909f56bfc062723c751e8b465ee728b)
Start importing Assets/Sprites/MISC/Placeholders/PSD/Player stuff/UI/heart.png using Guid(9771c1520bc13c044a00f9b47738cd13) Importer(815301076,1909f56bfc062723c751e8b465ee728b)  -> (artifact id: 'bdf258f3d67a9ce6c4a8386cb84d4769') in 0.021988 seconds 
========================================================================
Received Import Request.
  Time since last request: 0.000033 seconds.
  path: Assets/Sprites/MISC/Placeholders/PSD/Player stuff/UI/Wings.psd
  artifactKey: Guid(7d2596383a79b494aafd247c027c9a63) Importer(815301076,1909f56bfc062723c751e8b465ee728b)
Start importing Assets/Sprites/MISC/Placeholders/PSD/Player stuff/UI/Wings.psd using Guid(7d2596383a79b494aafd247c027c9a63) Importer(815301076,1909f56bfc062723c751e8b465ee728b)  -> (artifact id: 'ad6f2e1d6a426868819db535b3d1f062') in 0.021522 seconds 
========================================================================
Received Import Request.
  Time since last request: 11.095426 seconds.
  path: Assets/Sprites/MISC/Placeholders/PSD/Trees/Oak 1.psd
  artifactKey: Guid(4342233cbe8607a4f946f53cbd348266) Importer(815301076,1909f56bfc062723c751e8b465ee728b)
Start importing Assets/Sprites/MISC/Placeholders/PSD/Trees/Oak 1.psd using Guid(4342233cbe8607a4f946f53cbd348266) Importer(815301076,1909f56bfc062723c751e8b465ee728b)  -> (artifact id: '4f58f81d41ed9e3500b5671b77dd98b5') in 0.024227 seconds 
========================================================================
Received Import Request.
  Time since last request: 0.000033 seconds.
  path: Assets/Sprites/MISC/Placeholders/PSD/Trees/Oak 3.png
  artifactKey: Guid(301c6c2a06e9806459df168d82cc3e4b) Importer(815301076,1909f56bfc062723c751e8b465ee728b)
Start importing Assets/Sprites/MISC/Placeholders/PSD/Trees/Oak 3.png using Guid(301c6c2a06e9806459df168d82cc3e4b) Importer(815301076,1909f56bfc062723c751e8b465ee728b)  -> (artifact id: '414bb108487782b334b9899e2580a921') in 0.035233 seconds 
========================================================================
Received Import Request.
  Time since last request: 0.000032 seconds.
  path: Assets/Sprites/MISC/Placeholders/PSD/Trees/Oak 3.psd
  artifactKey: Guid(393e6f68cbb5bd541a0dfbf8d9c01e9b) Importer(815301076,1909f56bfc062723c751e8b465ee728b)
Start importing Assets/Sprites/MISC/Placeholders/PSD/Trees/Oak 3.psd using Guid(393e6f68cbb5bd541a0dfbf8d9c01e9b) Importer(815301076,1909f56bfc062723c751e8b465ee728b)  -> (artifact id: '48d37d876c5c46b1b291eafe88a04ab9') in 0.027895 seconds 
========================================================================
Received Import Request.
  Time since last request: 0.000031 seconds.
  path: Assets/Sprites/MISC/Placeholders/PSD/Trees/willow.psd
  artifactKey: Guid(27228851e917f3d459b4c1a644e726d2) Importer(815301076,1909f56bfc062723c751e8b465ee728b)
Start importing Assets/Sprites/MISC/Placeholders/PSD/Trees/willow.psd using Guid(27228851e917f3d459b4c1a644e726d2) Importer(815301076,1909f56bfc062723c751e8b465ee728b)  -> (artifact id: 'a5df1e749ec55d8c10c589328a11a8fe') in 0.035018 seconds 
========================================================================
Received Import Request.
  Time since last request: 56.630978 seconds.
  path: Assets/Sprites/MISC/Placeholders/PSD/village/village parts.png
  artifactKey: Guid(5d1db30df4447124793be10988709a9a) Importer(815301076,1909f56bfc062723c751e8b465ee728b)
Start importing Assets/Sprites/MISC/Placeholders/PSD/village/village parts.png using Guid(5d1db30df4447124793be10988709a9a) Importer(815301076,1909f56bfc062723c751e8b465ee728b)  -> (artifact id: '68116c57e319b0297eb47ef80eb80a2c') in 0.053151 seconds 
========================================================================
Received Import Request.
  Time since last request: 7.339817 seconds.
  path: Assets/Sprites/MISC/Placeholders/PSD/Golem/Death.psd
  artifactKey: Guid(9066dbc12b99e954eb405be53dfc02dd) Importer(815301076,1909f56bfc062723c751e8b465ee728b)
Start importing Assets/Sprites/MISC/Placeholders/PSD/Golem/Death.psd using Guid(9066dbc12b99e954eb405be53dfc02dd) Importer(815301076,1909f56bfc062723c751e8b465ee728b)  -> (artifact id: '68e9828ac9444878bf8755640bf3b7b0') in 0.020530 seconds 
========================================================================
Received Import Request.
  Time since last request: 0.000039 seconds.
  path: Assets/Sprites/MISC/Placeholders/PSD/Golem/Golem walking.png
  artifactKey: Guid(11cd6c21124c44f459a1bb06b9fe80db) Importer(815301076,1909f56bfc062723c751e8b465ee728b)
Start importing Assets/Sprites/MISC/Placeholders/PSD/Golem/Golem walking.png using Guid(11cd6c21124c44f459a1bb06b9fe80db) Importer(815301076,1909f56bfc062723c751e8b465ee728b)  -> (artifact id: '158cccfd1fca2c7588028e4598105fe2') in 0.024706 seconds 
Editor requested this worker to shutdown with reason: Scaling down because of idle timeout
AssetImportWorker is now disconnected from the server
Process exiting
Exiting without the bug reporter. Application will terminate with return code 0